The target system is: Generic - 1 - armv7-a
The host system is: Darwin - 21.3.0 - x86_64
Compiling the C compiler identification source file "CMakeCCompilerId.c" succeeded.
Compiler: /usr/local/vitasdk/bin/arm-vita-eabi-gcc 
Build flags: ;-Wl,-q
Id flags:  

The output was:
0


Compilation of the C compiler identification source "CMakeCCompilerId.c" produced "a.out"

The C compiler identification is GNU, found in "/Users/v/Repos/baba/goo_vita/build/CMakeFiles/3.22.1/CompilerIdC/a.out"

Compiling the CXX compiler identification source file "CMakeCXXCompilerId.cpp" succeeded.
Compiler: /usr/local/vitasdk/bin/arm-vita-eabi-g++ 
Build flags: ;-Wl,-q
Id flags:  

The output was:
0


Compilation of the CXX compiler identification source "CMakeCXXCompilerId.cpp" produced "a.out"

The CXX compiler identification is GNU, found in "/Users/v/Repos/baba/goo_vita/build/CMakeFiles/3.22.1/CompilerIdCXX/a.out"

Detecting C compiler ABI info compiled with the following output:
Change Dir: /Users/v/Repos/baba/goo_vita/build/CMakeFiles/CMakeTmp

Run Build Command(s):/usr/bin/make -f Makefile cmTC_625bd/fast && /Library/Developer/CommandLineTools/usr/bin/make  -f CMakeFiles/cmTC_625bd.dir/build.make CMakeFiles/cmTC_625bd.dir/build
Building C object CMakeFiles/cmTC_625bd.dir/CMakeCCompilerABI.c.obj
/usr/local/vitasdk/bin/arm-vita-eabi-gcc   -Wl,-q    -v -o CMakeFiles/cmTC_625bd.dir/CMakeCCompilerABI.c.obj -c /usr/local/Cellar/cmake/3.22.1/share/cmake/Modules/CMakeCCompilerABI.c
Using built-in specs.
COLLECT_GCC=/usr/local/vitasdk/bin/arm-vita-eabi-gcc
Target: arm-vita-eabi
Configured with: /tmp/buildscripts/build/gcc-final-prefix/src/gcc-final/configure --build=x86_64-apple-darwin --host=x86_64-apple-darwin --target=arm-vita-eabi --prefix=/tmp/buildscripts/build/vitasdk --libdir=/tmp/buildscripts/build/vitasdk/lib --libexecdir=/tmp/buildscripts/build/vitasdk/lib --with-sysroot=/tmp/buildscripts/build/vitasdk/arm-vita-eabi --with-gmp=/tmp/buildscripts/build/deps_build --with-mpfr=/tmp/buildscripts/build/deps_build --with-mpc=/tmp/buildscripts/build/deps_build --with-isl=/tmp/buildscripts/build/deps_build --with-libelf=/tmp/buildscripts/build/deps_build --with-python-dir=share/gcc-arm-vita-eabi --enable-languages=c,c++ --disable-decimal-float --disable-libffi --disable-libmudflap --disable-libquadmath --disable-libssp --disable-libstdcxx-pch --disable-nls --disable-shared --disable-tls --with-gnu-as --with-gnu-ld --with-newlib --disable-multilib --with-arch=armv7-a --with-tune=cortex-a9 --with-fpu=neon --with-float=soft --with-mode=thumb --with-pkgversion='GNU Tools for ARM Embedded Processors' --with-headers=yes --enable-threads=posix --enable-libgomp CFLAGS=' -fbracket-depth=512' CXXFLAGS=' -fbracket-depth=512'
Thread model: posix
Supported LTO compression algorithms: zlib zstd
gcc version 10.3.0 (GNU Tools for ARM Embedded Processors) 
COLLECT_GCC_OPTIONS='-v' '-o' 'CMakeFiles/cmTC_625bd.dir/CMakeCCompilerABI.c.obj' '-c'  '-mtune=cortex-a9' '-mfloat-abi=soft' '-mfpu=neon' '-mthumb' '-march=armv7-a'
 /usr/local/vitasdk/bin/../lib/gcc/arm-vita-eabi/10.3.0/cc1 -quiet -v -iprefix /usr/local/vitasdk/bin/../lib/gcc/arm-vita-eabi/10.3.0/ -isysroot /usr/local/vitasdk/bin/../arm-vita-eabi -D__USES_INITFINI__ /usr/local/Cellar/cmake/3.22.1/share/cmake/Modules/CMakeCCompilerABI.c -quiet -dumpbase CMakeCCompilerABI.c -mtune=cortex-a9 -mfloat-abi=soft -mfpu=neon -mthumb -march=armv7-a -auxbase-strip CMakeFiles/cmTC_625bd.dir/CMakeCCompilerABI.c.obj -version -o /var/folders/0t/fxf_1lr92dsb4y1lj6thnr0w0000gn/T//cc2XpZxm.s
GNU C17 (GNU Tools for ARM Embedded Processors) version 10.3.0 (arm-vita-eabi)
	compiled by GNU C version Apple LLVM 13.0.0 (clang-1300.0.27.3), GMP version 6.1.2, MPFR version 4.0.2, MPC version 1.1.0, isl version isl-0.21-GMP

GGC heuristics: --param ggc-min-expand=100 --param ggc-min-heapsize=131072
ignoring duplicate directory "/usr/local/vitasdk/bin/../lib/gcc/../../lib/gcc/arm-vita-eabi/10.3.0/include"
ignoring nonexistent directory "/usr/local/vitasdk/bin/../arm-vita-eabi/usr/local/include"
ignoring duplicate directory "/usr/local/vitasdk/bin/../lib/gcc/../../lib/gcc/arm-vita-eabi/10.3.0/include-fixed"
ignoring duplicate directory "/usr/local/vitasdk/bin/../lib/gcc/../../lib/gcc/arm-vita-eabi/10.3.0/../../../../arm-vita-eabi/include"
ignoring nonexistent directory "/usr/local/vitasdk/bin/../arm-vita-eabi/usr/include"
#include "..." search starts here:
#include <...> search starts here:
 /usr/local/vitasdk/bin/../lib/gcc/arm-vita-eabi/10.3.0/include
 /usr/local/vitasdk/bin/../lib/gcc/arm-vita-eabi/10.3.0/include-fixed
 /usr/local/vitasdk/bin/../lib/gcc/arm-vita-eabi/10.3.0/../../../../arm-vita-eabi/include
End of search list.
GNU C17 (GNU Tools for ARM Embedded Processors) version 10.3.0 (arm-vita-eabi)
	compiled by GNU C version Apple LLVM 13.0.0 (clang-1300.0.27.3), GMP version 6.1.2, MPFR version 4.0.2, MPC version 1.1.0, isl version isl-0.21-GMP

GGC heuristics: --param ggc-min-expand=100 --param ggc-min-heapsize=131072
Compiler executable checksum: cea644597282ed718cef738905b471ca
COLLECT_GCC_OPTIONS='-v' '-o' 'CMakeFiles/cmTC_625bd.dir/CMakeCCompilerABI.c.obj' '-c'  '-mtune=cortex-a9' '-mfloat-abi=soft' '-mfpu=neon' '-mthumb' '-march=armv7-a'
 /usr/local/vitasdk/bin/../lib/gcc/arm-vita-eabi/10.3.0/../../../../arm-vita-eabi/bin/as -v -march=armv7-a -mfloat-abi=soft -mfpu=neon -meabi=5 -o CMakeFiles/cmTC_625bd.dir/CMakeCCompilerABI.c.obj /var/folders/0t/fxf_1lr92dsb4y1lj6thnr0w0000gn/T//cc2XpZxm.s
GNU assembler version 2.34 (arm-vita-eabi) using BFD version (GNU Tools for ARM Embedded Processors) 2.34
COMPILER_PATH=/usr/local/vitasdk/bin/../lib/gcc/arm-vita-eabi/10.3.0/:/usr/local/vitasdk/bin/../lib/gcc/:/usr/local/vitasdk/bin/../lib/gcc/arm-vita-eabi/10.3.0/../../../../arm-vita-eabi/bin/
LIBRARY_PATH=/usr/local/vitasdk/bin/../lib/gcc/arm-vita-eabi/10.3.0/:/usr/local/vitasdk/bin/../lib/gcc/:/usr/local/vitasdk/bin/../lib/gcc/arm-vita-eabi/10.3.0/../../../../arm-vita-eabi/lib/:/usr/local/vitasdk/bin/../arm-vita-eabi/lib/
COLLECT_GCC_OPTIONS='-v' '-o' 'CMakeFiles/cmTC_625bd.dir/CMakeCCompilerABI.c.obj' '-c'  '-mtune=cortex-a9' '-mfloat-abi=soft' '-mfpu=neon' '-mthumb' '-march=armv7-a'
Linking C executable cmTC_625bd
/usr/local/Cellar/cmake/3.22.1/bin/cmake -E cmake_link_script CMakeFiles/cmTC_625bd.dir/link.txt --verbose=1
/usr/local/vitasdk/bin/arm-vita-eabi-gcc  -Wl,-q  -Wl,-z,nocopyreloc -v CMakeFiles/cmTC_625bd.dir/CMakeCCompilerABI.c.obj -o cmTC_625bd 
Using built-in specs.
COLLECT_GCC=/usr/local/vitasdk/bin/arm-vita-eabi-gcc
COLLECT_LTO_WRAPPER=/usr/local/vitasdk/bin/../lib/gcc/arm-vita-eabi/10.3.0/lto-wrapper
Target: arm-vita-eabi
Configured with: /tmp/buildscripts/build/gcc-final-prefix/src/gcc-final/configure --build=x86_64-apple-darwin --host=x86_64-apple-darwin --target=arm-vita-eabi --prefix=/tmp/buildscripts/build/vitasdk --libdir=/tmp/buildscripts/build/vitasdk/lib --libexecdir=/tmp/buildscripts/build/vitasdk/lib --with-sysroot=/tmp/buildscripts/build/vitasdk/arm-vita-eabi --with-gmp=/tmp/buildscripts/build/deps_build --with-mpfr=/tmp/buildscripts/build/deps_build --with-mpc=/tmp/buildscripts/build/deps_build --with-isl=/tmp/buildscripts/build/deps_build --with-libelf=/tmp/buildscripts/build/deps_build --with-python-dir=share/gcc-arm-vita-eabi --enable-languages=c,c++ --disable-decimal-float --disable-libffi --disable-libmudflap --disable-libquadmath --disable-libssp --disable-libstdcxx-pch --disable-nls --disable-shared --disable-tls --with-gnu-as --with-gnu-ld --with-newlib --disable-multilib --with-arch=armv7-a --with-tune=cortex-a9 --with-fpu=neon --with-float=soft --with-mode=thumb --with-pkgversion='GNU Tools for ARM Embedded Processors' --with-headers=yes --enable-threads=posix --enable-libgomp CFLAGS=' -fbracket-depth=512' CXXFLAGS=' -fbracket-depth=512'
Thread model: posix
Supported LTO compression algorithms: zlib zstd
gcc version 10.3.0 (GNU Tools for ARM Embedded Processors) 
COMPILER_PATH=/usr/local/vitasdk/bin/../lib/gcc/arm-vita-eabi/10.3.0/:/usr/local/vitasdk/bin/../lib/gcc/:/usr/local/vitasdk/bin/../lib/gcc/arm-vita-eabi/10.3.0/../../../../arm-vita-eabi/bin/
LIBRARY_PATH=/usr/local/vitasdk/bin/../lib/gcc/arm-vita-eabi/10.3.0/:/usr/local/vitasdk/bin/../lib/gcc/:/usr/local/vitasdk/bin/../lib/gcc/arm-vita-eabi/10.3.0/../../../../arm-vita-eabi/lib/:/usr/local/vitasdk/bin/../arm-vita-eabi/lib/
COLLECT_GCC_OPTIONS='-v' '-o' 'cmTC_625bd'  '-mtune=cortex-a9' '-mfloat-abi=soft' '-mfpu=neon' '-mthumb' '-march=armv7-a'
 /usr/local/vitasdk/bin/../lib/gcc/arm-vita-eabi/10.3.0/collect2 -plugin /usr/local/vitasdk/bin/../lib/gcc/arm-vita-eabi/10.3.0/liblto_plugin.so -plugin-opt=/usr/local/vitasdk/bin/../lib/gcc/arm-vita-eabi/10.3.0/lto-wrapper -plugin-opt=-fresolution=/var/folders/0t/fxf_1lr92dsb4y1lj6thnr0w0000gn/T//ccPEdGLo.res -plugin-opt=-pass-through=-lgcc -plugin-opt=-pass-through=-lc -plugin-opt=-pass-through=-lSceRtc_stub -plugin-opt=-pass-through=-lSceSysmem_stub -plugin-opt=-pass-through=-lSceKernelThreadMgr_stub -plugin-opt=-pass-through=-lSceKernelModulemgr_stub -plugin-opt=-pass-through=-lSceIofilemgr_stub -plugin-opt=-pass-through=-lSceProcessmgr_stub -plugin-opt=-pass-through=-lSceLibKernel_stub -plugin-opt=-pass-through=-lSceNet_stub -plugin-opt=-pass-through=-lSceNetCtl_stub -plugin-opt=-pass-through=-lSceSysmodule_stub --sysroot=/usr/local/vitasdk/bin/../arm-vita-eabi -X -o cmTC_625bd /usr/local/vitasdk/bin/../lib/gcc/arm-vita-eabi/10.3.0/crti.o /usr/local/vitasdk/bin/../lib/gcc/arm-vita-eabi/10.3.0/crtbegin.o /usr/local/vitasdk/bin/../lib/gcc/arm-vita-eabi/10.3.0/../../../../arm-vita-eabi/lib/crt0.o -L/usr/local/vitasdk/bin/../lib/gcc/arm-vita-eabi/10.3.0 -L/usr/local/vitasdk/bin/../lib/gcc -L/usr/local/vitasdk/bin/../lib/gcc/arm-vita-eabi/10.3.0/../../../../arm-vita-eabi/lib -L/usr/local/vitasdk/bin/../arm-vita-eabi/lib -q -z nocopyreloc CMakeFiles/cmTC_625bd.dir/CMakeCCompilerABI.c.obj --start-group -lgcc -lc -lSceRtc_stub -lSceSysmem_stub -lSceKernelThreadMgr_stub -lSceKernelModulemgr_stub -lSceIofilemgr_stub -lSceProcessmgr_stub -lSceLibKernel_stub -lSceNet_stub -lSceNetCtl_stub -lSceSysmodule_stub --end-group /usr/local/vitasdk/bin/../lib/gcc/arm-vita-eabi/10.3.0/crtend.o /usr/local/vitasdk/bin/../lib/gcc/arm-vita-eabi/10.3.0/crtn.o
COLLECT_GCC_OPTIONS='-v' '-o' 'cmTC_625bd'  '-mtune=cortex-a9' '-mfloat-abi=soft' '-mfpu=neon' '-mthumb' '-march=armv7-a'



Parsed C implicit include dir info from above output: rv=done
  found start of include info
  found start of implicit include info
    add: [/usr/local/vitasdk/bin/../lib/gcc/arm-vita-eabi/10.3.0/include]
    add: [/usr/local/vitasdk/bin/../lib/gcc/arm-vita-eabi/10.3.0/include-fixed]
    add: [/usr/local/vitasdk/bin/../lib/gcc/arm-vita-eabi/10.3.0/../../../../arm-vita-eabi/include]
  end of search list found
  collapse include dir [/usr/local/vitasdk/bin/../lib/gcc/arm-vita-eabi/10.3.0/include] ==> [/usr/local/vitasdk/lib/gcc/arm-vita-eabi/10.3.0/include]
  collapse include dir [/usr/local/vitasdk/bin/../lib/gcc/arm-vita-eabi/10.3.0/include-fixed] ==> [/usr/local/vitasdk/lib/gcc/arm-vita-eabi/10.3.0/include-fixed]
  collapse include dir [/usr/local/vitasdk/bin/../lib/gcc/arm-vita-eabi/10.3.0/../../../../arm-vita-eabi/include] ==> [/usr/local/vitasdk/arm-vita-eabi/include]
  implicit include dirs: [/usr/local/vitasdk/lib/gcc/arm-vita-eabi/10.3.0/include;/usr/local/vitasdk/lib/gcc/arm-vita-eabi/10.3.0/include-fixed;/usr/local/vitasdk/arm-vita-eabi/include]


Parsed C implicit link information from above output:
  link line regex: [^( *|.*[/\])(arm-vita-eabi-ld|CMAKE_LINK_STARTFILE-NOTFOUND|([^/\]+-)?ld|collect2)[^/\]*( |$)]
  ignore line: [Change Dir: /Users/v/Repos/baba/goo_vita/build/CMakeFiles/CMakeTmp]
  ignore line: []
  ignore line: [Run Build Command(s):/usr/bin/make -f Makefile cmTC_625bd/fast && /Library/Developer/CommandLineTools/usr/bin/make  -f CMakeFiles/cmTC_625bd.dir/build.make CMakeFiles/cmTC_625bd.dir/build]
  ignore line: [Building C object CMakeFiles/cmTC_625bd.dir/CMakeCCompilerABI.c.obj]
  ignore line: [/usr/local/vitasdk/bin/arm-vita-eabi-gcc   -Wl -q    -v -o CMakeFiles/cmTC_625bd.dir/CMakeCCompilerABI.c.obj -c /usr/local/Cellar/cmake/3.22.1/share/cmake/Modules/CMakeCCompilerABI.c]
  ignore line: [Using built-in specs.]
  ignore line: [COLLECT_GCC=/usr/local/vitasdk/bin/arm-vita-eabi-gcc]
  ignore line: [Target: arm-vita-eabi]
  ignore line: [Configured with: /tmp/buildscripts/build/gcc-final-prefix/src/gcc-final/configure --build=x86_64-apple-darwin --host=x86_64-apple-darwin --target=arm-vita-eabi --prefix=/tmp/buildscripts/build/vitasdk --libdir=/tmp/buildscripts/build/vitasdk/lib --libexecdir=/tmp/buildscripts/build/vitasdk/lib --with-sysroot=/tmp/buildscripts/build/vitasdk/arm-vita-eabi --with-gmp=/tmp/buildscripts/build/deps_build --with-mpfr=/tmp/buildscripts/build/deps_build --with-mpc=/tmp/buildscripts/build/deps_build --with-isl=/tmp/buildscripts/build/deps_build --with-libelf=/tmp/buildscripts/build/deps_build --with-python-dir=share/gcc-arm-vita-eabi --enable-languages=c,c++ --disable-decimal-float --disable-libffi --disable-libmudflap --disable-libquadmath --disable-libssp --disable-libstdcxx-pch --disable-nls --disable-shared --disable-tls --with-gnu-as --with-gnu-ld --with-newlib --disable-multilib --with-arch=armv7-a --with-tune=cortex-a9 --with-fpu=neon --with-float=soft --with-mode=thumb --with-pkgversion='GNU Tools for ARM Embedded Processors' --with-headers=yes --enable-threads=posix --enable-libgomp CFLAGS=' -fbracket-depth=512' CXXFLAGS=' -fbracket-depth=512']
  ignore line: [Thread model: posix]
  ignore line: [Supported LTO compression algorithms: zlib zstd]
  ignore line: [gcc version 10.3.0 (GNU Tools for ARM Embedded Processors) ]
  ignore line: [COLLECT_GCC_OPTIONS='-v' '-o' 'CMakeFiles/cmTC_625bd.dir/CMakeCCompilerABI.c.obj' '-c'  '-mtune=cortex-a9' '-mfloat-abi=soft' '-mfpu=neon' '-mthumb' '-march=armv7-a']
  ignore line: [ /usr/local/vitasdk/bin/../lib/gcc/arm-vita-eabi/10.3.0/cc1 -quiet -v -iprefix /usr/local/vitasdk/bin/../lib/gcc/arm-vita-eabi/10.3.0/ -isysroot /usr/local/vitasdk/bin/../arm-vita-eabi -D__USES_INITFINI__ /usr/local/Cellar/cmake/3.22.1/share/cmake/Modules/CMakeCCompilerABI.c -quiet -dumpbase CMakeCCompilerABI.c -mtune=cortex-a9 -mfloat-abi=soft -mfpu=neon -mthumb -march=armv7-a -auxbase-strip CMakeFiles/cmTC_625bd.dir/CMakeCCompilerABI.c.obj -version -o /var/folders/0t/fxf_1lr92dsb4y1lj6thnr0w0000gn/T//cc2XpZxm.s]
  ignore line: [GNU C17 (GNU Tools for ARM Embedded Processors) version 10.3.0 (arm-vita-eabi)]
  ignore line: [	compiled by GNU C version Apple LLVM 13.0.0 (clang-1300.0.27.3)  GMP version 6.1.2  MPFR version 4.0.2  MPC version 1.1.0  isl version isl-0.21-GMP]
  ignore line: []
  ignore line: [GGC heuristics: --param ggc-min-expand=100 --param ggc-min-heapsize=131072]
  ignore line: [ignoring duplicate directory "/usr/local/vitasdk/bin/../lib/gcc/../../lib/gcc/arm-vita-eabi/10.3.0/include"]
  ignore line: [ignoring nonexistent directory "/usr/local/vitasdk/bin/../arm-vita-eabi/usr/local/include"]
  ignore line: [ignoring duplicate directory "/usr/local/vitasdk/bin/../lib/gcc/../../lib/gcc/arm-vita-eabi/10.3.0/include-fixed"]
  ignore line: [ignoring duplicate directory "/usr/local/vitasdk/bin/../lib/gcc/../../lib/gcc/arm-vita-eabi/10.3.0/../../../../arm-vita-eabi/include"]
  ignore line: [ignoring nonexistent directory "/usr/local/vitasdk/bin/../arm-vita-eabi/usr/include"]
  ignore line: [#include "..." search starts here:]
  ignore line: [#include <...> search starts here:]
  ignore line: [ /usr/local/vitasdk/bin/../lib/gcc/arm-vita-eabi/10.3.0/include]
  ignore line: [ /usr/local/vitasdk/bin/../lib/gcc/arm-vita-eabi/10.3.0/include-fixed]
  ignore line: [ /usr/local/vitasdk/bin/../lib/gcc/arm-vita-eabi/10.3.0/../../../../arm-vita-eabi/include]
  ignore line: [End of search list.]
  ignore line: [GNU C17 (GNU Tools for ARM Embedded Processors) version 10.3.0 (arm-vita-eabi)]
  ignore line: [	compiled by GNU C version Apple LLVM 13.0.0 (clang-1300.0.27.3)  GMP version 6.1.2  MPFR version 4.0.2  MPC version 1.1.0  isl version isl-0.21-GMP]
  ignore line: []
  ignore line: [GGC heuristics: --param ggc-min-expand=100 --param ggc-min-heapsize=131072]
  ignore line: [Compiler executable checksum: cea644597282ed718cef738905b471ca]
  ignore line: [COLLECT_GCC_OPTIONS='-v' '-o' 'CMakeFiles/cmTC_625bd.dir/CMakeCCompilerABI.c.obj' '-c'  '-mtune=cortex-a9' '-mfloat-abi=soft' '-mfpu=neon' '-mthumb' '-march=armv7-a']
  ignore line: [ /usr/local/vitasdk/bin/../lib/gcc/arm-vita-eabi/10.3.0/../../../../arm-vita-eabi/bin/as -v -march=armv7-a -mfloat-abi=soft -mfpu=neon -meabi=5 -o CMakeFiles/cmTC_625bd.dir/CMakeCCompilerABI.c.obj /var/folders/0t/fxf_1lr92dsb4y1lj6thnr0w0000gn/T//cc2XpZxm.s]
  ignore line: [GNU assembler version 2.34 (arm-vita-eabi) using BFD version (GNU Tools for ARM Embedded Processors) 2.34]
  ignore line: [COMPILER_PATH=/usr/local/vitasdk/bin/../lib/gcc/arm-vita-eabi/10.3.0/:/usr/local/vitasdk/bin/../lib/gcc/:/usr/local/vitasdk/bin/../lib/gcc/arm-vita-eabi/10.3.0/../../../../arm-vita-eabi/bin/]
  ignore line: [LIBRARY_PATH=/usr/local/vitasdk/bin/../lib/gcc/arm-vita-eabi/10.3.0/:/usr/local/vitasdk/bin/../lib/gcc/:/usr/local/vitasdk/bin/../lib/gcc/arm-vita-eabi/10.3.0/../../../../arm-vita-eabi/lib/:/usr/local/vitasdk/bin/../arm-vita-eabi/lib/]
  ignore line: [COLLECT_GCC_OPTIONS='-v' '-o' 'CMakeFiles/cmTC_625bd.dir/CMakeCCompilerABI.c.obj' '-c'  '-mtune=cortex-a9' '-mfloat-abi=soft' '-mfpu=neon' '-mthumb' '-march=armv7-a']
  ignore line: [Linking C executable cmTC_625bd]
  ignore line: [/usr/local/Cellar/cmake/3.22.1/bin/cmake -E cmake_link_script CMakeFiles/cmTC_625bd.dir/link.txt --verbose=1]
  ignore line: [/usr/local/vitasdk/bin/arm-vita-eabi-gcc  -Wl -q  -Wl -z nocopyreloc -v CMakeFiles/cmTC_625bd.dir/CMakeCCompilerABI.c.obj -o cmTC_625bd ]
  ignore line: [Using built-in specs.]
  ignore line: [COLLECT_GCC=/usr/local/vitasdk/bin/arm-vita-eabi-gcc]
  ignore line: [COLLECT_LTO_WRAPPER=/usr/local/vitasdk/bin/../lib/gcc/arm-vita-eabi/10.3.0/lto-wrapper]
  ignore line: [Target: arm-vita-eabi]
  ignore line: [Configured with: /tmp/buildscripts/build/gcc-final-prefix/src/gcc-final/configure --build=x86_64-apple-darwin --host=x86_64-apple-darwin --target=arm-vita-eabi --prefix=/tmp/buildscripts/build/vitasdk --libdir=/tmp/buildscripts/build/vitasdk/lib --libexecdir=/tmp/buildscripts/build/vitasdk/lib --with-sysroot=/tmp/buildscripts/build/vitasdk/arm-vita-eabi --with-gmp=/tmp/buildscripts/build/deps_build --with-mpfr=/tmp/buildscripts/build/deps_build --with-mpc=/tmp/buildscripts/build/deps_build --with-isl=/tmp/buildscripts/build/deps_build --with-libelf=/tmp/buildscripts/build/deps_build --with-python-dir=share/gcc-arm-vita-eabi --enable-languages=c,c++ --disable-decimal-float --disable-libffi --disable-libmudflap --disable-libquadmath --disable-libssp --disable-libstdcxx-pch --disable-nls --disable-shared --disable-tls --with-gnu-as --with-gnu-ld --with-newlib --disable-multilib --with-arch=armv7-a --with-tune=cortex-a9 --with-fpu=neon --with-float=soft --with-mode=thumb --with-pkgversion='GNU Tools for ARM Embedded Processors' --with-headers=yes --enable-threads=posix --enable-libgomp CFLAGS=' -fbracket-depth=512' CXXFLAGS=' -fbracket-depth=512']
  ignore line: [Thread model: posix]
  ignore line: [Supported LTO compression algorithms: zlib zstd]
  ignore line: [gcc version 10.3.0 (GNU Tools for ARM Embedded Processors) ]
  ignore line: [COMPILER_PATH=/usr/local/vitasdk/bin/../lib/gcc/arm-vita-eabi/10.3.0/:/usr/local/vitasdk/bin/../lib/gcc/:/usr/local/vitasdk/bin/../lib/gcc/arm-vita-eabi/10.3.0/../../../../arm-vita-eabi/bin/]
  ignore line: [LIBRARY_PATH=/usr/local/vitasdk/bin/../lib/gcc/arm-vita-eabi/10.3.0/:/usr/local/vitasdk/bin/../lib/gcc/:/usr/local/vitasdk/bin/../lib/gcc/arm-vita-eabi/10.3.0/../../../../arm-vita-eabi/lib/:/usr/local/vitasdk/bin/../arm-vita-eabi/lib/]
  ignore line: [COLLECT_GCC_OPTIONS='-v' '-o' 'cmTC_625bd'  '-mtune=cortex-a9' '-mfloat-abi=soft' '-mfpu=neon' '-mthumb' '-march=armv7-a']
  link line: [ /usr/local/vitasdk/bin/../lib/gcc/arm-vita-eabi/10.3.0/collect2 -plugin /usr/local/vitasdk/bin/../lib/gcc/arm-vita-eabi/10.3.0/liblto_plugin.so -plugin-opt=/usr/local/vitasdk/bin/../lib/gcc/arm-vita-eabi/10.3.0/lto-wrapper -plugin-opt=-fresolution=/var/folders/0t/fxf_1lr92dsb4y1lj6thnr0w0000gn/T//ccPEdGLo.res -plugin-opt=-pass-through=-lgcc -plugin-opt=-pass-through=-lc -plugin-opt=-pass-through=-lSceRtc_stub -plugin-opt=-pass-through=-lSceSysmem_stub -plugin-opt=-pass-through=-lSceKernelThreadMgr_stub -plugin-opt=-pass-through=-lSceKernelModulemgr_stub -plugin-opt=-pass-through=-lSceIofilemgr_stub -plugin-opt=-pass-through=-lSceProcessmgr_stub -plugin-opt=-pass-through=-lSceLibKernel_stub -plugin-opt=-pass-through=-lSceNet_stub -plugin-opt=-pass-through=-lSceNetCtl_stub -plugin-opt=-pass-through=-lSceSysmodule_stub --sysroot=/usr/local/vitasdk/bin/../arm-vita-eabi -X -o cmTC_625bd /usr/local/vitasdk/bin/../lib/gcc/arm-vita-eabi/10.3.0/crti.o /usr/local/vitasdk/bin/../lib/gcc/arm-vita-eabi/10.3.0/crtbegin.o /usr/local/vitasdk/bin/../lib/gcc/arm-vita-eabi/10.3.0/../../../../arm-vita-eabi/lib/crt0.o -L/usr/local/vitasdk/bin/../lib/gcc/arm-vita-eabi/10.3.0 -L/usr/local/vitasdk/bin/../lib/gcc -L/usr/local/vitasdk/bin/../lib/gcc/arm-vita-eabi/10.3.0/../../../../arm-vita-eabi/lib -L/usr/local/vitasdk/bin/../arm-vita-eabi/lib -q -z nocopyreloc CMakeFiles/cmTC_625bd.dir/CMakeCCompilerABI.c.obj --start-group -lgcc -lc -lSceRtc_stub -lSceSysmem_stub -lSceKernelThreadMgr_stub -lSceKernelModulemgr_stub -lSceIofilemgr_stub -lSceProcessmgr_stub -lSceLibKernel_stub -lSceNet_stub -lSceNetCtl_stub -lSceSysmodule_stub --end-group /usr/local/vitasdk/bin/../lib/gcc/arm-vita-eabi/10.3.0/crtend.o /usr/local/vitasdk/bin/../lib/gcc/arm-vita-eabi/10.3.0/crtn.o]
    arg [/usr/local/vitasdk/bin/../lib/gcc/arm-vita-eabi/10.3.0/collect2] ==> ignore
    arg [-plugin] ==> ignore
    arg [/usr/local/vitasdk/bin/../lib/gcc/arm-vita-eabi/10.3.0/liblto_plugin.so] ==> ignore
    arg [-plugin-opt=/usr/local/vitasdk/bin/../lib/gcc/arm-vita-eabi/10.3.0/lto-wrapper] ==> ignore
    arg [-plugin-opt=-fresolution=/var/folders/0t/fxf_1lr92dsb4y1lj6thnr0w0000gn/T//ccPEdGLo.res] ==> ignore
    arg [-plugin-opt=-pass-through=-lgcc] ==> ignore
    arg [-plugin-opt=-pass-through=-lc] ==> ignore
    arg [-plugin-opt=-pass-through=-lSceRtc_stub] ==> ignore
    arg [-plugin-opt=-pass-through=-lSceSysmem_stub] ==> ignore
    arg [-plugin-opt=-pass-through=-lSceKernelThreadMgr_stub] ==> ignore
    arg [-plugin-opt=-pass-through=-lSceKernelModulemgr_stub] ==> ignore
    arg [-plugin-opt=-pass-through=-lSceIofilemgr_stub] ==> ignore
    arg [-plugin-opt=-pass-through=-lSceProcessmgr_stub] ==> ignore
    arg [-plugin-opt=-pass-through=-lSceLibKernel_stub] ==> ignore
    arg [-plugin-opt=-pass-through=-lSceNet_stub] ==> ignore
    arg [-plugin-opt=-pass-through=-lSceNetCtl_stub] ==> ignore
    arg [-plugin-opt=-pass-through=-lSceSysmodule_stub] ==> ignore
    arg [--sysroot=/usr/local/vitasdk/bin/../arm-vita-eabi] ==> ignore
    arg [-X] ==> ignore
    arg [-o] ==> ignore
    arg [cmTC_625bd] ==> ignore
    arg [/usr/local/vitasdk/bin/../lib/gcc/arm-vita-eabi/10.3.0/crti.o] ==> obj [/usr/local/vitasdk/bin/../lib/gcc/arm-vita-eabi/10.3.0/crti.o]
    arg [/usr/local/vitasdk/bin/../lib/gcc/arm-vita-eabi/10.3.0/crtbegin.o] ==> obj [/usr/local/vitasdk/bin/../lib/gcc/arm-vita-eabi/10.3.0/crtbegin.o]
    arg [/usr/local/vitasdk/bin/../lib/gcc/arm-vita-eabi/10.3.0/../../../../arm-vita-eabi/lib/crt0.o] ==> obj [/usr/local/vitasdk/bin/../lib/gcc/arm-vita-eabi/10.3.0/../../../../arm-vita-eabi/lib/crt0.o]
    arg [-L/usr/local/vitasdk/bin/../lib/gcc/arm-vita-eabi/10.3.0] ==> dir [/usr/local/vitasdk/bin/../lib/gcc/arm-vita-eabi/10.3.0]
    arg [-L/usr/local/vitasdk/bin/../lib/gcc] ==> dir [/usr/local/vitasdk/bin/../lib/gcc]
    arg [-L/usr/local/vitasdk/bin/../lib/gcc/arm-vita-eabi/10.3.0/../../../../arm-vita-eabi/lib] ==> dir [/usr/local/vitasdk/bin/../lib/gcc/arm-vita-eabi/10.3.0/../../../../arm-vita-eabi/lib]
    arg [-L/usr/local/vitasdk/bin/../arm-vita-eabi/lib] ==> dir [/usr/local/vitasdk/bin/../arm-vita-eabi/lib]
    arg [-q] ==> ignore
    arg [-znocopyreloc] ==> ignore
    arg [CMakeFiles/cmTC_625bd.dir/CMakeCCompilerABI.c.obj] ==> ignore
    arg [--start-group] ==> ignore
    arg [-lgcc] ==> lib [gcc]
    arg [-lc] ==> lib [c]
    arg [-lSceRtc_stub] ==> lib [SceRtc_stub]
    arg [-lSceSysmem_stub] ==> lib [SceSysmem_stub]
    arg [-lSceKernelThreadMgr_stub] ==> lib [SceKernelThreadMgr_stub]
    arg [-lSceKernelModulemgr_stub] ==> lib [SceKernelModulemgr_stub]
    arg [-lSceIofilemgr_stub] ==> lib [SceIofilemgr_stub]
    arg [-lSceProcessmgr_stub] ==> lib [SceProcessmgr_stub]
    arg [-lSceLibKernel_stub] ==> lib [SceLibKernel_stub]
    arg [-lSceNet_stub] ==> lib [SceNet_stub]
    arg [-lSceNetCtl_stub] ==> lib [SceNetCtl_stub]
    arg [-lSceSysmodule_stub] ==> lib [SceSysmodule_stub]
    arg [--end-group] ==> ignore
    arg [/usr/local/vitasdk/bin/../lib/gcc/arm-vita-eabi/10.3.0/crtend.o] ==> obj [/usr/local/vitasdk/bin/../lib/gcc/arm-vita-eabi/10.3.0/crtend.o]
    arg [/usr/local/vitasdk/bin/../lib/gcc/arm-vita-eabi/10.3.0/crtn.o] ==> obj [/usr/local/vitasdk/bin/../lib/gcc/arm-vita-eabi/10.3.0/crtn.o]
  collapse obj [/usr/local/vitasdk/bin/../lib/gcc/arm-vita-eabi/10.3.0/crti.o] ==> [/usr/local/vitasdk/lib/gcc/arm-vita-eabi/10.3.0/crti.o]
  collapse obj [/usr/local/vitasdk/bin/../lib/gcc/arm-vita-eabi/10.3.0/crtbegin.o] ==> [/usr/local/vitasdk/lib/gcc/arm-vita-eabi/10.3.0/crtbegin.o]
  collapse obj [/usr/local/vitasdk/bin/../lib/gcc/arm-vita-eabi/10.3.0/../../../../arm-vita-eabi/lib/crt0.o] ==> [/usr/local/vitasdk/arm-vita-eabi/lib/crt0.o]
  collapse obj [/usr/local/vitasdk/bin/../lib/gcc/arm-vita-eabi/10.3.0/crtend.o] ==> [/usr/local/vitasdk/lib/gcc/arm-vita-eabi/10.3.0/crtend.o]
  collapse obj [/usr/local/vitasdk/bin/../lib/gcc/arm-vita-eabi/10.3.0/crtn.o] ==> [/usr/local/vitasdk/lib/gcc/arm-vita-eabi/10.3.0/crtn.o]
  collapse library dir [/usr/local/vitasdk/bin/../lib/gcc/arm-vita-eabi/10.3.0] ==> [/usr/local/vitasdk/lib/gcc/arm-vita-eabi/10.3.0]
  collapse library dir [/usr/local/vitasdk/bin/../lib/gcc] ==> [/usr/local/vitasdk/lib/gcc]
  collapse library dir [/usr/local/vitasdk/bin/../lib/gcc/arm-vita-eabi/10.3.0/../../../../arm-vita-eabi/lib] ==> [/usr/local/vitasdk/arm-vita-eabi/lib]
  collapse library dir [/usr/local/vitasdk/bin/../arm-vita-eabi/lib] ==> [/usr/local/vitasdk/arm-vita-eabi/lib]
  implicit libs: [gcc;c;SceRtc_stub;SceSysmem_stub;SceKernelThreadMgr_stub;SceKernelModulemgr_stub;SceIofilemgr_stub;SceProcessmgr_stub;SceLibKernel_stub;SceNet_stub;SceNetCtl_stub;SceSysmodule_stub]
  implicit objs: [/usr/local/vitasdk/lib/gcc/arm-vita-eabi/10.3.0/crti.o;/usr/local/vitasdk/lib/gcc/arm-vita-eabi/10.3.0/crtbegin.o;/usr/local/vitasdk/arm-vita-eabi/lib/crt0.o;/usr/local/vitasdk/lib/gcc/arm-vita-eabi/10.3.0/crtend.o;/usr/local/vitasdk/lib/gcc/arm-vita-eabi/10.3.0/crtn.o]
  implicit dirs: [/usr/local/vitasdk/lib/gcc/arm-vita-eabi/10.3.0;/usr/local/vitasdk/lib/gcc;/usr/local/vitasdk/arm-vita-eabi/lib]
  implicit fwks: []


Detecting CXX compiler ABI info compiled with the following output:
Change Dir: /Users/v/Repos/baba/goo_vita/build/CMakeFiles/CMakeTmp

Run Build Command(s):/usr/bin/make -f Makefile cmTC_de6c4/fast && /Library/Developer/CommandLineTools/usr/bin/make  -f CMakeFiles/cmTC_de6c4.dir/build.make CMakeFiles/cmTC_de6c4.dir/build
Building CXX object CMakeFiles/cmTC_de6c4.dir/CMakeCXXCompilerABI.cpp.obj
/usr/local/vitasdk/bin/arm-vita-eabi-g++   -Wl,-q    -v -o CMakeFiles/cmTC_de6c4.dir/CMakeCXXCompilerABI.cpp.obj -c /usr/local/Cellar/cmake/3.22.1/share/cmake/Modules/CMakeCXXCompilerABI.cpp
Using built-in specs.
COLLECT_GCC=/usr/local/vitasdk/bin/arm-vita-eabi-g++
Target: arm-vita-eabi
Configured with: /tmp/buildscripts/build/gcc-final-prefix/src/gcc-final/configure --build=x86_64-apple-darwin --host=x86_64-apple-darwin --target=arm-vita-eabi --prefix=/tmp/buildscripts/build/vitasdk --libdir=/tmp/buildscripts/build/vitasdk/lib --libexecdir=/tmp/buildscripts/build/vitasdk/lib --with-sysroot=/tmp/buildscripts/build/vitasdk/arm-vita-eabi --with-gmp=/tmp/buildscripts/build/deps_build --with-mpfr=/tmp/buildscripts/build/deps_build --with-mpc=/tmp/buildscripts/build/deps_build --with-isl=/tmp/buildscripts/build/deps_build --with-libelf=/tmp/buildscripts/build/deps_build --with-python-dir=share/gcc-arm-vita-eabi --enable-languages=c,c++ --disable-decimal-float --disable-libffi --disable-libmudflap --disable-libquadmath --disable-libssp --disable-libstdcxx-pch --disable-nls --disable-shared --disable-tls --with-gnu-as --with-gnu-ld --with-newlib --disable-multilib --with-arch=armv7-a --with-tune=cortex-a9 --with-fpu=neon --with-float=soft --with-mode=thumb --with-pkgversion='GNU Tools for ARM Embedded Processors' --with-headers=yes --enable-threads=posix --enable-libgomp CFLAGS=' -fbracket-depth=512' CXXFLAGS=' -fbracket-depth=512'
Thread model: posix
Supported LTO compression algorithms: zlib zstd
gcc version 10.3.0 (GNU Tools for ARM Embedded Processors) 
COLLECT_GCC_OPTIONS='-v' '-o' 'CMakeFiles/cmTC_de6c4.dir/CMakeCXXCompilerABI.cpp.obj' '-c'  '-mtune=cortex-a9' '-mfloat-abi=soft' '-mfpu=neon' '-mthumb' '-march=armv7-a'
 /usr/local/vitasdk/bin/../lib/gcc/arm-vita-eabi/10.3.0/cc1plus -quiet -v -iprefix /usr/local/vitasdk/bin/../lib/gcc/arm-vita-eabi/10.3.0/ -isysroot /usr/local/vitasdk/bin/../arm-vita-eabi -D__USES_INITFINI__ /usr/local/Cellar/cmake/3.22.1/share/cmake/Modules/CMakeCXXCompilerABI.cpp -quiet -dumpbase CMakeCXXCompilerABI.cpp -mtune=cortex-a9 -mfloat-abi=soft -mfpu=neon -mthumb -march=armv7-a -auxbase-strip CMakeFiles/cmTC_de6c4.dir/CMakeCXXCompilerABI.cpp.obj -version -o /var/folders/0t/fxf_1lr92dsb4y1lj6thnr0w0000gn/T//cclb6yjL.s
GNU C++14 (GNU Tools for ARM Embedded Processors) version 10.3.0 (arm-vita-eabi)
	compiled by GNU C version Apple LLVM 13.0.0 (clang-1300.0.27.3), GMP version 6.1.2, MPFR version 4.0.2, MPC version 1.1.0, isl version isl-0.21-GMP

GGC heuristics: --param ggc-min-expand=100 --param ggc-min-heapsize=131072
ignoring duplicate directory "/usr/local/vitasdk/bin/../lib/gcc/../../lib/gcc/arm-vita-eabi/10.3.0/../../../../arm-vita-eabi/include/c++/10.3.0"
ignoring duplicate directory "/usr/local/vitasdk/bin/../lib/gcc/../../lib/gcc/arm-vita-eabi/10.3.0/../../../../arm-vita-eabi/include/c++/10.3.0/arm-vita-eabi"
ignoring duplicate directory "/usr/local/vitasdk/bin/../lib/gcc/../../lib/gcc/arm-vita-eabi/10.3.0/../../../../arm-vita-eabi/include/c++/10.3.0/backward"
ignoring duplicate directory "/usr/local/vitasdk/bin/../lib/gcc/../../lib/gcc/arm-vita-eabi/10.3.0/include"
ignoring nonexistent directory "/usr/local/vitasdk/bin/../arm-vita-eabi/usr/local/include"
ignoring duplicate directory "/usr/local/vitasdk/bin/../lib/gcc/../../lib/gcc/arm-vita-eabi/10.3.0/include-fixed"
ignoring duplicate directory "/usr/local/vitasdk/bin/../lib/gcc/../../lib/gcc/arm-vita-eabi/10.3.0/../../../../arm-vita-eabi/include"
ignoring nonexistent directory "/usr/local/vitasdk/bin/../arm-vita-eabi/usr/include"
#include "..." search starts here:
#include <...> search starts here:
 /usr/local/vitasdk/bin/../lib/gcc/arm-vita-eabi/10.3.0/../../../../arm-vita-eabi/include/c++/10.3.0
 /usr/local/vitasdk/bin/../lib/gcc/arm-vita-eabi/10.3.0/../../../../arm-vita-eabi/include/c++/10.3.0/arm-vita-eabi
 /usr/local/vitasdk/bin/../lib/gcc/arm-vita-eabi/10.3.0/../../../../arm-vita-eabi/include/c++/10.3.0/backward
 /usr/local/vitasdk/bin/../lib/gcc/arm-vita-eabi/10.3.0/include
 /usr/local/vitasdk/bin/../lib/gcc/arm-vita-eabi/10.3.0/include-fixed
 /usr/local/vitasdk/bin/../lib/gcc/arm-vita-eabi/10.3.0/../../../../arm-vita-eabi/include
End of search list.
GNU C++14 (GNU Tools for ARM Embedded Processors) version 10.3.0 (arm-vita-eabi)
	compiled by GNU C version Apple LLVM 13.0.0 (clang-1300.0.27.3), GMP version 6.1.2, MPFR version 4.0.2, MPC version 1.1.0, isl version isl-0.21-GMP

GGC heuristics: --param ggc-min-expand=100 --param ggc-min-heapsize=131072
Compiler executable checksum: 839dde5cbe6915427e8b4ba12fa10f77
COLLECT_GCC_OPTIONS='-v' '-o' 'CMakeFiles/cmTC_de6c4.dir/CMakeCXXCompilerABI.cpp.obj' '-c'  '-mtune=cortex-a9' '-mfloat-abi=soft' '-mfpu=neon' '-mthumb' '-march=armv7-a'
 /usr/local/vitasdk/bin/../lib/gcc/arm-vita-eabi/10.3.0/../../../../arm-vita-eabi/bin/as -v -march=armv7-a -mfloat-abi=soft -mfpu=neon -meabi=5 -o CMakeFiles/cmTC_de6c4.dir/CMakeCXXCompilerABI.cpp.obj /var/folders/0t/fxf_1lr92dsb4y1lj6thnr0w0000gn/T//cclb6yjL.s
GNU assembler version 2.34 (arm-vita-eabi) using BFD version (GNU Tools for ARM Embedded Processors) 2.34
COMPILER_PATH=/usr/local/vitasdk/bin/../lib/gcc/arm-vita-eabi/10.3.0/:/usr/local/vitasdk/bin/../lib/gcc/:/usr/local/vitasdk/bin/../lib/gcc/arm-vita-eabi/10.3.0/../../../../arm-vita-eabi/bin/
LIBRARY_PATH=/usr/local/vitasdk/bin/../lib/gcc/arm-vita-eabi/10.3.0/:/usr/local/vitasdk/bin/../lib/gcc/:/usr/local/vitasdk/bin/../lib/gcc/arm-vita-eabi/10.3.0/../../../../arm-vita-eabi/lib/:/usr/local/vitasdk/bin/../arm-vita-eabi/lib/
COLLECT_GCC_OPTIONS='-v' '-o' 'CMakeFiles/cmTC_de6c4.dir/CMakeCXXCompilerABI.cpp.obj' '-c'  '-mtune=cortex-a9' '-mfloat-abi=soft' '-mfpu=neon' '-mthumb' '-march=armv7-a'
Linking CXX executable cmTC_de6c4
/usr/local/Cellar/cmake/3.22.1/bin/cmake -E cmake_link_script CMakeFiles/cmTC_de6c4.dir/link.txt --verbose=1
/usr/local/vitasdk/bin/arm-vita-eabi-g++  -Wl,-q  -Wl,-z,nocopyreloc -v CMakeFiles/cmTC_de6c4.dir/CMakeCXXCompilerABI.cpp.obj -o cmTC_de6c4 
Using built-in specs.
COLLECT_GCC=/usr/local/vitasdk/bin/arm-vita-eabi-g++
COLLECT_LTO_WRAPPER=/usr/local/vitasdk/bin/../lib/gcc/arm-vita-eabi/10.3.0/lto-wrapper
Target: arm-vita-eabi
Configured with: /tmp/buildscripts/build/gcc-final-prefix/src/gcc-final/configure --build=x86_64-apple-darwin --host=x86_64-apple-darwin --target=arm-vita-eabi --prefix=/tmp/buildscripts/build/vitasdk --libdir=/tmp/buildscripts/build/vitasdk/lib --libexecdir=/tmp/buildscripts/build/vitasdk/lib --with-sysroot=/tmp/buildscripts/build/vitasdk/arm-vita-eabi --with-gmp=/tmp/buildscripts/build/deps_build --with-mpfr=/tmp/buildscripts/build/deps_build --with-mpc=/tmp/buildscripts/build/deps_build --with-isl=/tmp/buildscripts/build/deps_build --with-libelf=/tmp/buildscripts/build/deps_build --with-python-dir=share/gcc-arm-vita-eabi --enable-languages=c,c++ --disable-decimal-float --disable-libffi --disable-libmudflap --disable-libquadmath --disable-libssp --disable-libstdcxx-pch --disable-nls --disable-shared --disable-tls --with-gnu-as --with-gnu-ld --with-newlib --disable-multilib --with-arch=armv7-a --with-tune=cortex-a9 --with-fpu=neon --with-float=soft --with-mode=thumb --with-pkgversion='GNU Tools for ARM Embedded Processors' --with-headers=yes --enable-threads=posix --enable-libgomp CFLAGS=' -fbracket-depth=512' CXXFLAGS=' -fbracket-depth=512'
Thread model: posix
Supported LTO compression algorithms: zlib zstd
gcc version 10.3.0 (GNU Tools for ARM Embedded Processors) 
COMPILER_PATH=/usr/local/vitasdk/bin/../lib/gcc/arm-vita-eabi/10.3.0/:/usr/local/vitasdk/bin/../lib/gcc/:/usr/local/vitasdk/bin/../lib/gcc/arm-vita-eabi/10.3.0/../../../../arm-vita-eabi/bin/
LIBRARY_PATH=/usr/local/vitasdk/bin/../lib/gcc/arm-vita-eabi/10.3.0/:/usr/local/vitasdk/bin/../lib/gcc/:/usr/local/vitasdk/bin/../lib/gcc/arm-vita-eabi/10.3.0/../../../../arm-vita-eabi/lib/:/usr/local/vitasdk/bin/../arm-vita-eabi/lib/
COLLECT_GCC_OPTIONS='-v' '-o' 'cmTC_de6c4'  '-mtune=cortex-a9' '-mfloat-abi=soft' '-mfpu=neon' '-mthumb' '-march=armv7-a'
 /usr/local/vitasdk/bin/../lib/gcc/arm-vita-eabi/10.3.0/collect2 -plugin /usr/local/vitasdk/bin/../lib/gcc/arm-vita-eabi/10.3.0/liblto_plugin.so -plugin-opt=/usr/local/vitasdk/bin/../lib/gcc/arm-vita-eabi/10.3.0/lto-wrapper -plugin-opt=-fresolution=/var/folders/0t/fxf_1lr92dsb4y1lj6thnr0w0000gn/T//ccTg1LL1.res -plugin-opt=-pass-through=-lgcc -plugin-opt=-pass-through=-lc -plugin-opt=-pass-through=-lSceRtc_stub -plugin-opt=-pass-through=-lSceSysmem_stub -plugin-opt=-pass-through=-lSceKernelThreadMgr_stub -plugin-opt=-pass-through=-lSceKernelModulemgr_stub -plugin-opt=-pass-through=-lSceIofilemgr_stub -plugin-opt=-pass-through=-lSceProcessmgr_stub -plugin-opt=-pass-through=-lSceLibKernel_stub -plugin-opt=-pass-through=-lSceNet_stub -plugin-opt=-pass-through=-lSceNetCtl_stub -plugin-opt=-pass-through=-lSceSysmodule_stub --sysroot=/usr/local/vitasdk/bin/../arm-vita-eabi -X -o cmTC_de6c4 /usr/local/vitasdk/bin/../lib/gcc/arm-vita-eabi/10.3.0/crti.o /usr/local/vitasdk/bin/../lib/gcc/arm-vita-eabi/10.3.0/crtbegin.o /usr/local/vitasdk/bin/../lib/gcc/arm-vita-eabi/10.3.0/../../../../arm-vita-eabi/lib/crt0.o -L/usr/local/vitasdk/bin/../lib/gcc/arm-vita-eabi/10.3.0 -L/usr/local/vitasdk/bin/../lib/gcc -L/usr/local/vitasdk/bin/../lib/gcc/arm-vita-eabi/10.3.0/../../../../arm-vita-eabi/lib -L/usr/local/vitasdk/bin/../arm-vita-eabi/lib -q -z nocopyreloc CMakeFiles/cmTC_de6c4.dir/CMakeCXXCompilerABI.cpp.obj -lstdc++ -lm --start-group -lgcc -lc -lSceRtc_stub -lSceSysmem_stub -lSceKernelThreadMgr_stub -lSceKernelModulemgr_stub -lSceIofilemgr_stub -lSceProcessmgr_stub -lSceLibKernel_stub -lSceNet_stub -lSceNetCtl_stub -lSceSysmodule_stub --end-group /usr/local/vitasdk/bin/../lib/gcc/arm-vita-eabi/10.3.0/crtend.o /usr/local/vitasdk/bin/../lib/gcc/arm-vita-eabi/10.3.0/crtn.o
COLLECT_GCC_OPTIONS='-v' '-o' 'cmTC_de6c4'  '-mtune=cortex-a9' '-mfloat-abi=soft' '-mfpu=neon' '-mthumb' '-march=armv7-a'



Parsed CXX implicit include dir info from above output: rv=done
  found start of include info
  found start of implicit include info
    add: [/usr/local/vitasdk/bin/../lib/gcc/arm-vita-eabi/10.3.0/../../../../arm-vita-eabi/include/c++/10.3.0]
    add: [/usr/local/vitasdk/bin/../lib/gcc/arm-vita-eabi/10.3.0/../../../../arm-vita-eabi/include/c++/10.3.0/arm-vita-eabi]
    add: [/usr/local/vitasdk/bin/../lib/gcc/arm-vita-eabi/10.3.0/../../../../arm-vita-eabi/include/c++/10.3.0/backward]
    add: [/usr/local/vitasdk/bin/../lib/gcc/arm-vita-eabi/10.3.0/include]
    add: [/usr/local/vitasdk/bin/../lib/gcc/arm-vita-eabi/10.3.0/include-fixed]
    add: [/usr/local/vitasdk/bin/../lib/gcc/arm-vita-eabi/10.3.0/../../../../arm-vita-eabi/include]
  end of search list found
  collapse include dir [/usr/local/vitasdk/bin/../lib/gcc/arm-vita-eabi/10.3.0/../../../../arm-vita-eabi/include/c++/10.3.0] ==> [/usr/local/vitasdk/arm-vita-eabi/include/c++/10.3.0]
  collapse include dir [/usr/local/vitasdk/bin/../lib/gcc/arm-vita-eabi/10.3.0/../../../../arm-vita-eabi/include/c++/10.3.0/arm-vita-eabi] ==> [/usr/local/vitasdk/arm-vita-eabi/include/c++/10.3.0/arm-vita-eabi]
  collapse include dir [/usr/local/vitasdk/bin/../lib/gcc/arm-vita-eabi/10.3.0/../../../../arm-vita-eabi/include/c++/10.3.0/backward] ==> [/usr/local/vitasdk/arm-vita-eabi/include/c++/10.3.0/backward]
  collapse include dir [/usr/local/vitasdk/bin/../lib/gcc/arm-vita-eabi/10.3.0/include] ==> [/usr/local/vitasdk/lib/gcc/arm-vita-eabi/10.3.0/include]
  collapse include dir [/usr/local/vitasdk/bin/../lib/gcc/arm-vita-eabi/10.3.0/include-fixed] ==> [/usr/local/vitasdk/lib/gcc/arm-vita-eabi/10.3.0/include-fixed]
  collapse include dir [/usr/local/vitasdk/bin/../lib/gcc/arm-vita-eabi/10.3.0/../../../../arm-vita-eabi/include] ==> [/usr/local/vitasdk/arm-vita-eabi/include]
  implicit include dirs: [/usr/local/vitasdk/arm-vita-eabi/include/c++/10.3.0;/usr/local/vitasdk/arm-vita-eabi/include/c++/10.3.0/arm-vita-eabi;/usr/local/vitasdk/arm-vita-eabi/include/c++/10.3.0/backward;/usr/local/vitasdk/lib/gcc/arm-vita-eabi/10.3.0/include;/usr/local/vitasdk/lib/gcc/arm-vita-eabi/10.3.0/include-fixed;/usr/local/vitasdk/arm-vita-eabi/include]


Parsed CXX implicit link information from above output:
  link line regex: [^( *|.*[/\])(arm-vita-eabi-ld|CMAKE_LINK_STARTFILE-NOTFOUND|([^/\]+-)?ld|collect2)[^/\]*( |$)]
  ignore line: [Change Dir: /Users/v/Repos/baba/goo_vita/build/CMakeFiles/CMakeTmp]
  ignore line: []
  ignore line: [Run Build Command(s):/usr/bin/make -f Makefile cmTC_de6c4/fast && /Library/Developer/CommandLineTools/usr/bin/make  -f CMakeFiles/cmTC_de6c4.dir/build.make CMakeFiles/cmTC_de6c4.dir/build]
  ignore line: [Building CXX object CMakeFiles/cmTC_de6c4.dir/CMakeCXXCompilerABI.cpp.obj]
  ignore line: [/usr/local/vitasdk/bin/arm-vita-eabi-g++   -Wl -q    -v -o CMakeFiles/cmTC_de6c4.dir/CMakeCXXCompilerABI.cpp.obj -c /usr/local/Cellar/cmake/3.22.1/share/cmake/Modules/CMakeCXXCompilerABI.cpp]
  ignore line: [Using built-in specs.]
  ignore line: [COLLECT_GCC=/usr/local/vitasdk/bin/arm-vita-eabi-g++]
  ignore line: [Target: arm-vita-eabi]
  ignore line: [Configured with: /tmp/buildscripts/build/gcc-final-prefix/src/gcc-final/configure --build=x86_64-apple-darwin --host=x86_64-apple-darwin --target=arm-vita-eabi --prefix=/tmp/buildscripts/build/vitasdk --libdir=/tmp/buildscripts/build/vitasdk/lib --libexecdir=/tmp/buildscripts/build/vitasdk/lib --with-sysroot=/tmp/buildscripts/build/vitasdk/arm-vita-eabi --with-gmp=/tmp/buildscripts/build/deps_build --with-mpfr=/tmp/buildscripts/build/deps_build --with-mpc=/tmp/buildscripts/build/deps_build --with-isl=/tmp/buildscripts/build/deps_build --with-libelf=/tmp/buildscripts/build/deps_build --with-python-dir=share/gcc-arm-vita-eabi --enable-languages=c,c++ --disable-decimal-float --disable-libffi --disable-libmudflap --disable-libquadmath --disable-libssp --disable-libstdcxx-pch --disable-nls --disable-shared --disable-tls --with-gnu-as --with-gnu-ld --with-newlib --disable-multilib --with-arch=armv7-a --with-tune=cortex-a9 --with-fpu=neon --with-float=soft --with-mode=thumb --with-pkgversion='GNU Tools for ARM Embedded Processors' --with-headers=yes --enable-threads=posix --enable-libgomp CFLAGS=' -fbracket-depth=512' CXXFLAGS=' -fbracket-depth=512']
  ignore line: [Thread model: posix]
  ignore line: [Supported LTO compression algorithms: zlib zstd]
  ignore line: [gcc version 10.3.0 (GNU Tools for ARM Embedded Processors) ]
  ignore line: [COLLECT_GCC_OPTIONS='-v' '-o' 'CMakeFiles/cmTC_de6c4.dir/CMakeCXXCompilerABI.cpp.obj' '-c'  '-mtune=cortex-a9' '-mfloat-abi=soft' '-mfpu=neon' '-mthumb' '-march=armv7-a']
  ignore line: [ /usr/local/vitasdk/bin/../lib/gcc/arm-vita-eabi/10.3.0/cc1plus -quiet -v -iprefix /usr/local/vitasdk/bin/../lib/gcc/arm-vita-eabi/10.3.0/ -isysroot /usr/local/vitasdk/bin/../arm-vita-eabi -D__USES_INITFINI__ /usr/local/Cellar/cmake/3.22.1/share/cmake/Modules/CMakeCXXCompilerABI.cpp -quiet -dumpbase CMakeCXXCompilerABI.cpp -mtune=cortex-a9 -mfloat-abi=soft -mfpu=neon -mthumb -march=armv7-a -auxbase-strip CMakeFiles/cmTC_de6c4.dir/CMakeCXXCompilerABI.cpp.obj -version -o /var/folders/0t/fxf_1lr92dsb4y1lj6thnr0w0000gn/T//cclb6yjL.s]
  ignore line: [GNU C++14 (GNU Tools for ARM Embedded Processors) version 10.3.0 (arm-vita-eabi)]
  ignore line: [	compiled by GNU C version Apple LLVM 13.0.0 (clang-1300.0.27.3)  GMP version 6.1.2  MPFR version 4.0.2  MPC version 1.1.0  isl version isl-0.21-GMP]
  ignore line: []
  ignore line: [GGC heuristics: --param ggc-min-expand=100 --param ggc-min-heapsize=131072]
  ignore line: [ignoring duplicate directory "/usr/local/vitasdk/bin/../lib/gcc/../../lib/gcc/arm-vita-eabi/10.3.0/../../../../arm-vita-eabi/include/c++/10.3.0"]
  ignore line: [ignoring duplicate directory "/usr/local/vitasdk/bin/../lib/gcc/../../lib/gcc/arm-vita-eabi/10.3.0/../../../../arm-vita-eabi/include/c++/10.3.0/arm-vita-eabi"]
  ignore line: [ignoring duplicate directory "/usr/local/vitasdk/bin/../lib/gcc/../../lib/gcc/arm-vita-eabi/10.3.0/../../../../arm-vita-eabi/include/c++/10.3.0/backward"]
  ignore line: [ignoring duplicate directory "/usr/local/vitasdk/bin/../lib/gcc/../../lib/gcc/arm-vita-eabi/10.3.0/include"]
  ignore line: [ignoring nonexistent directory "/usr/local/vitasdk/bin/../arm-vita-eabi/usr/local/include"]
  ignore line: [ignoring duplicate directory "/usr/local/vitasdk/bin/../lib/gcc/../../lib/gcc/arm-vita-eabi/10.3.0/include-fixed"]
  ignore line: [ignoring duplicate directory "/usr/local/vitasdk/bin/../lib/gcc/../../lib/gcc/arm-vita-eabi/10.3.0/../../../../arm-vita-eabi/include"]
  ignore line: [ignoring nonexistent directory "/usr/local/vitasdk/bin/../arm-vita-eabi/usr/include"]
  ignore line: [#include "..." search starts here:]
  ignore line: [#include <...> search starts here:]
  ignore line: [ /usr/local/vitasdk/bin/../lib/gcc/arm-vita-eabi/10.3.0/../../../../arm-vita-eabi/include/c++/10.3.0]
  ignore line: [ /usr/local/vitasdk/bin/../lib/gcc/arm-vita-eabi/10.3.0/../../../../arm-vita-eabi/include/c++/10.3.0/arm-vita-eabi]
  ignore line: [ /usr/local/vitasdk/bin/../lib/gcc/arm-vita-eabi/10.3.0/../../../../arm-vita-eabi/include/c++/10.3.0/backward]
  ignore line: [ /usr/local/vitasdk/bin/../lib/gcc/arm-vita-eabi/10.3.0/include]
  ignore line: [ /usr/local/vitasdk/bin/../lib/gcc/arm-vita-eabi/10.3.0/include-fixed]
  ignore line: [ /usr/local/vitasdk/bin/../lib/gcc/arm-vita-eabi/10.3.0/../../../../arm-vita-eabi/include]
  ignore line: [End of search list.]
  ignore line: [GNU C++14 (GNU Tools for ARM Embedded Processors) version 10.3.0 (arm-vita-eabi)]
  ignore line: [	compiled by GNU C version Apple LLVM 13.0.0 (clang-1300.0.27.3)  GMP version 6.1.2  MPFR version 4.0.2  MPC version 1.1.0  isl version isl-0.21-GMP]
  ignore line: []
  ignore line: [GGC heuristics: --param ggc-min-expand=100 --param ggc-min-heapsize=131072]
  ignore line: [Compiler executable checksum: 839dde5cbe6915427e8b4ba12fa10f77]
  ignore line: [COLLECT_GCC_OPTIONS='-v' '-o' 'CMakeFiles/cmTC_de6c4.dir/CMakeCXXCompilerABI.cpp.obj' '-c'  '-mtune=cortex-a9' '-mfloat-abi=soft' '-mfpu=neon' '-mthumb' '-march=armv7-a']
  ignore line: [ /usr/local/vitasdk/bin/../lib/gcc/arm-vita-eabi/10.3.0/../../../../arm-vita-eabi/bin/as -v -march=armv7-a -mfloat-abi=soft -mfpu=neon -meabi=5 -o CMakeFiles/cmTC_de6c4.dir/CMakeCXXCompilerABI.cpp.obj /var/folders/0t/fxf_1lr92dsb4y1lj6thnr0w0000gn/T//cclb6yjL.s]
  ignore line: [GNU assembler version 2.34 (arm-vita-eabi) using BFD version (GNU Tools for ARM Embedded Processors) 2.34]
  ignore line: [COMPILER_PATH=/usr/local/vitasdk/bin/../lib/gcc/arm-vita-eabi/10.3.0/:/usr/local/vitasdk/bin/../lib/gcc/:/usr/local/vitasdk/bin/../lib/gcc/arm-vita-eabi/10.3.0/../../../../arm-vita-eabi/bin/]
  ignore line: [LIBRARY_PATH=/usr/local/vitasdk/bin/../lib/gcc/arm-vita-eabi/10.3.0/:/usr/local/vitasdk/bin/../lib/gcc/:/usr/local/vitasdk/bin/../lib/gcc/arm-vita-eabi/10.3.0/../../../../arm-vita-eabi/lib/:/usr/local/vitasdk/bin/../arm-vita-eabi/lib/]
  ignore line: [COLLECT_GCC_OPTIONS='-v' '-o' 'CMakeFiles/cmTC_de6c4.dir/CMakeCXXCompilerABI.cpp.obj' '-c'  '-mtune=cortex-a9' '-mfloat-abi=soft' '-mfpu=neon' '-mthumb' '-march=armv7-a']
  ignore line: [Linking CXX executable cmTC_de6c4]
  ignore line: [/usr/local/Cellar/cmake/3.22.1/bin/cmake -E cmake_link_script CMakeFiles/cmTC_de6c4.dir/link.txt --verbose=1]
  ignore line: [/usr/local/vitasdk/bin/arm-vita-eabi-g++  -Wl -q  -Wl -z nocopyreloc -v CMakeFiles/cmTC_de6c4.dir/CMakeCXXCompilerABI.cpp.obj -o cmTC_de6c4 ]
  ignore line: [Using built-in specs.]
  ignore line: [COLLECT_GCC=/usr/local/vitasdk/bin/arm-vita-eabi-g++]
  ignore line: [COLLECT_LTO_WRAPPER=/usr/local/vitasdk/bin/../lib/gcc/arm-vita-eabi/10.3.0/lto-wrapper]
  ignore line: [Target: arm-vita-eabi]
  ignore line: [Configured with: /tmp/buildscripts/build/gcc-final-prefix/src/gcc-final/configure --build=x86_64-apple-darwin --host=x86_64-apple-darwin --target=arm-vita-eabi --prefix=/tmp/buildscripts/build/vitasdk --libdir=/tmp/buildscripts/build/vitasdk/lib --libexecdir=/tmp/buildscripts/build/vitasdk/lib --with-sysroot=/tmp/buildscripts/build/vitasdk/arm-vita-eabi --with-gmp=/tmp/buildscripts/build/deps_build --with-mpfr=/tmp/buildscripts/build/deps_build --with-mpc=/tmp/buildscripts/build/deps_build --with-isl=/tmp/buildscripts/build/deps_build --with-libelf=/tmp/buildscripts/build/deps_build --with-python-dir=share/gcc-arm-vita-eabi --enable-languages=c,c++ --disable-decimal-float --disable-libffi --disable-libmudflap --disable-libquadmath --disable-libssp --disable-libstdcxx-pch --disable-nls --disable-shared --disable-tls --with-gnu-as --with-gnu-ld --with-newlib --disable-multilib --with-arch=armv7-a --with-tune=cortex-a9 --with-fpu=neon --with-float=soft --with-mode=thumb --with-pkgversion='GNU Tools for ARM Embedded Processors' --with-headers=yes --enable-threads=posix --enable-libgomp CFLAGS=' -fbracket-depth=512' CXXFLAGS=' -fbracket-depth=512']
  ignore line: [Thread model: posix]
  ignore line: [Supported LTO compression algorithms: zlib zstd]
  ignore line: [gcc version 10.3.0 (GNU Tools for ARM Embedded Processors) ]
  ignore line: [COMPILER_PATH=/usr/local/vitasdk/bin/../lib/gcc/arm-vita-eabi/10.3.0/:/usr/local/vitasdk/bin/../lib/gcc/:/usr/local/vitasdk/bin/../lib/gcc/arm-vita-eabi/10.3.0/../../../../arm-vita-eabi/bin/]
  ignore line: [LIBRARY_PATH=/usr/local/vitasdk/bin/../lib/gcc/arm-vita-eabi/10.3.0/:/usr/local/vitasdk/bin/../lib/gcc/:/usr/local/vitasdk/bin/../lib/gcc/arm-vita-eabi/10.3.0/../../../../arm-vita-eabi/lib/:/usr/local/vitasdk/bin/../arm-vita-eabi/lib/]
  ignore line: [COLLECT_GCC_OPTIONS='-v' '-o' 'cmTC_de6c4'  '-mtune=cortex-a9' '-mfloat-abi=soft' '-mfpu=neon' '-mthumb' '-march=armv7-a']
  link line: [ /usr/local/vitasdk/bin/../lib/gcc/arm-vita-eabi/10.3.0/collect2 -plugin /usr/local/vitasdk/bin/../lib/gcc/arm-vita-eabi/10.3.0/liblto_plugin.so -plugin-opt=/usr/local/vitasdk/bin/../lib/gcc/arm-vita-eabi/10.3.0/lto-wrapper -plugin-opt=-fresolution=/var/folders/0t/fxf_1lr92dsb4y1lj6thnr0w0000gn/T//ccTg1LL1.res -plugin-opt=-pass-through=-lgcc -plugin-opt=-pass-through=-lc -plugin-opt=-pass-through=-lSceRtc_stub -plugin-opt=-pass-through=-lSceSysmem_stub -plugin-opt=-pass-through=-lSceKernelThreadMgr_stub -plugin-opt=-pass-through=-lSceKernelModulemgr_stub -plugin-opt=-pass-through=-lSceIofilemgr_stub -plugin-opt=-pass-through=-lSceProcessmgr_stub -plugin-opt=-pass-through=-lSceLibKernel_stub -plugin-opt=-pass-through=-lSceNet_stub -plugin-opt=-pass-through=-lSceNetCtl_stub -plugin-opt=-pass-through=-lSceSysmodule_stub --sysroot=/usr/local/vitasdk/bin/../arm-vita-eabi -X -o cmTC_de6c4 /usr/local/vitasdk/bin/../lib/gcc/arm-vita-eabi/10.3.0/crti.o /usr/local/vitasdk/bin/../lib/gcc/arm-vita-eabi/10.3.0/crtbegin.o /usr/local/vitasdk/bin/../lib/gcc/arm-vita-eabi/10.3.0/../../../../arm-vita-eabi/lib/crt0.o -L/usr/local/vitasdk/bin/../lib/gcc/arm-vita-eabi/10.3.0 -L/usr/local/vitasdk/bin/../lib/gcc -L/usr/local/vitasdk/bin/../lib/gcc/arm-vita-eabi/10.3.0/../../../../arm-vita-eabi/lib -L/usr/local/vitasdk/bin/../arm-vita-eabi/lib -q -z nocopyreloc CMakeFiles/cmTC_de6c4.dir/CMakeCXXCompilerABI.cpp.obj -lstdc++ -lm --start-group -lgcc -lc -lSceRtc_stub -lSceSysmem_stub -lSceKernelThreadMgr_stub -lSceKernelModulemgr_stub -lSceIofilemgr_stub -lSceProcessmgr_stub -lSceLibKernel_stub -lSceNet_stub -lSceNetCtl_stub -lSceSysmodule_stub --end-group /usr/local/vitasdk/bin/../lib/gcc/arm-vita-eabi/10.3.0/crtend.o /usr/local/vitasdk/bin/../lib/gcc/arm-vita-eabi/10.3.0/crtn.o]
    arg [/usr/local/vitasdk/bin/../lib/gcc/arm-vita-eabi/10.3.0/collect2] ==> ignore
    arg [-plugin] ==> ignore
    arg [/usr/local/vitasdk/bin/../lib/gcc/arm-vita-eabi/10.3.0/liblto_plugin.so] ==> ignore
    arg [-plugin-opt=/usr/local/vitasdk/bin/../lib/gcc/arm-vita-eabi/10.3.0/lto-wrapper] ==> ignore
    arg [-plugin-opt=-fresolution=/var/folders/0t/fxf_1lr92dsb4y1lj6thnr0w0000gn/T//ccTg1LL1.res] ==> ignore
    arg [-plugin-opt=-pass-through=-lgcc] ==> ignore
    arg [-plugin-opt=-pass-through=-lc] ==> ignore
    arg [-plugin-opt=-pass-through=-lSceRtc_stub] ==> ignore
    arg [-plugin-opt=-pass-through=-lSceSysmem_stub] ==> ignore
    arg [-plugin-opt=-pass-through=-lSceKernelThreadMgr_stub] ==> ignore
    arg [-plugin-opt=-pass-through=-lSceKernelModulemgr_stub] ==> ignore
    arg [-plugin-opt=-pass-through=-lSceIofilemgr_stub] ==> ignore
    arg [-plugin-opt=-pass-through=-lSceProcessmgr_stub] ==> ignore
    arg [-plugin-opt=-pass-through=-lSceLibKernel_stub] ==> ignore
    arg [-plugin-opt=-pass-through=-lSceNet_stub] ==> ignore
    arg [-plugin-opt=-pass-through=-lSceNetCtl_stub] ==> ignore
    arg [-plugin-opt=-pass-through=-lSceSysmodule_stub] ==> ignore
    arg [--sysroot=/usr/local/vitasdk/bin/../arm-vita-eabi] ==> ignore
    arg [-X] ==> ignore
    arg [-o] ==> ignore
    arg [cmTC_de6c4] ==> ignore
    arg [/usr/local/vitasdk/bin/../lib/gcc/arm-vita-eabi/10.3.0/crti.o] ==> obj [/usr/local/vitasdk/bin/../lib/gcc/arm-vita-eabi/10.3.0/crti.o]
    arg [/usr/local/vitasdk/bin/../lib/gcc/arm-vita-eabi/10.3.0/crtbegin.o] ==> obj [/usr/local/vitasdk/bin/../lib/gcc/arm-vita-eabi/10.3.0/crtbegin.o]
    arg [/usr/local/vitasdk/bin/../lib/gcc/arm-vita-eabi/10.3.0/../../../../arm-vita-eabi/lib/crt0.o] ==> obj [/usr/local/vitasdk/bin/../lib/gcc/arm-vita-eabi/10.3.0/../../../../arm-vita-eabi/lib/crt0.o]
    arg [-L/usr/local/vitasdk/bin/../lib/gcc/arm-vita-eabi/10.3.0] ==> dir [/usr/local/vitasdk/bin/../lib/gcc/arm-vita-eabi/10.3.0]
    arg [-L/usr/local/vitasdk/bin/../lib/gcc] ==> dir [/usr/local/vitasdk/bin/../lib/gcc]
    arg [-L/usr/local/vitasdk/bin/../lib/gcc/arm-vita-eabi/10.3.0/../../../../arm-vita-eabi/lib] ==> dir [/usr/local/vitasdk/bin/../lib/gcc/arm-vita-eabi/10.3.0/../../../../arm-vita-eabi/lib]
    arg [-L/usr/local/vitasdk/bin/../arm-vita-eabi/lib] ==> dir [/usr/local/vitasdk/bin/../arm-vita-eabi/lib]
    arg [-q] ==> ignore
    arg [-znocopyreloc] ==> ignore
    arg [CMakeFiles/cmTC_de6c4.dir/CMakeCXXCompilerABI.cpp.obj] ==> ignore
    arg [-lstdc++] ==> lib [stdc++]
    arg [-lm] ==> lib [m]
    arg [--start-group] ==> ignore
    arg [-lgcc] ==> lib [gcc]
    arg [-lc] ==> lib [c]
    arg [-lSceRtc_stub] ==> lib [SceRtc_stub]
    arg [-lSceSysmem_stub] ==> lib [SceSysmem_stub]
    arg [-lSceKernelThreadMgr_stub] ==> lib [SceKernelThreadMgr_stub]
    arg [-lSceKernelModulemgr_stub] ==> lib [SceKernelModulemgr_stub]
    arg [-lSceIofilemgr_stub] ==> lib [SceIofilemgr_stub]
    arg [-lSceProcessmgr_stub] ==> lib [SceProcessmgr_stub]
    arg [-lSceLibKernel_stub] ==> lib [SceLibKernel_stub]
    arg [-lSceNet_stub] ==> lib [SceNet_stub]
    arg [-lSceNetCtl_stub] ==> lib [SceNetCtl_stub]
    arg [-lSceSysmodule_stub] ==> lib [SceSysmodule_stub]
    arg [--end-group] ==> ignore
    arg [/usr/local/vitasdk/bin/../lib/gcc/arm-vita-eabi/10.3.0/crtend.o] ==> obj [/usr/local/vitasdk/bin/../lib/gcc/arm-vita-eabi/10.3.0/crtend.o]
    arg [/usr/local/vitasdk/bin/../lib/gcc/arm-vita-eabi/10.3.0/crtn.o] ==> obj [/usr/local/vitasdk/bin/../lib/gcc/arm-vita-eabi/10.3.0/crtn.o]
  collapse obj [/usr/local/vitasdk/bin/../lib/gcc/arm-vita-eabi/10.3.0/crti.o] ==> [/usr/local/vitasdk/lib/gcc/arm-vita-eabi/10.3.0/crti.o]
  collapse obj [/usr/local/vitasdk/bin/../lib/gcc/arm-vita-eabi/10.3.0/crtbegin.o] ==> [/usr/local/vitasdk/lib/gcc/arm-vita-eabi/10.3.0/crtbegin.o]
  collapse obj [/usr/local/vitasdk/bin/../lib/gcc/arm-vita-eabi/10.3.0/../../../../arm-vita-eabi/lib/crt0.o] ==> [/usr/local/vitasdk/arm-vita-eabi/lib/crt0.o]
  collapse obj [/usr/local/vitasdk/bin/../lib/gcc/arm-vita-eabi/10.3.0/crtend.o] ==> [/usr/local/vitasdk/lib/gcc/arm-vita-eabi/10.3.0/crtend.o]
  collapse obj [/usr/local/vitasdk/bin/../lib/gcc/arm-vita-eabi/10.3.0/crtn.o] ==> [/usr/local/vitasdk/lib/gcc/arm-vita-eabi/10.3.0/crtn.o]
  collapse library dir [/usr/local/vitasdk/bin/../lib/gcc/arm-vita-eabi/10.3.0] ==> [/usr/local/vitasdk/lib/gcc/arm-vita-eabi/10.3.0]
  collapse library dir [/usr/local/vitasdk/bin/../lib/gcc] ==> [/usr/local/vitasdk/lib/gcc]
  collapse library dir [/usr/local/vitasdk/bin/../lib/gcc/arm-vita-eabi/10.3.0/../../../../arm-vita-eabi/lib] ==> [/usr/local/vitasdk/arm-vita-eabi/lib]
  collapse library dir [/usr/local/vitasdk/bin/../arm-vita-eabi/lib] ==> [/usr/local/vitasdk/arm-vita-eabi/lib]
  implicit libs: [stdc++;m;gcc;c;SceRtc_stub;SceSysmem_stub;SceKernelThreadMgr_stub;SceKernelModulemgr_stub;SceIofilemgr_stub;SceProcessmgr_stub;SceLibKernel_stub;SceNet_stub;SceNetCtl_stub;SceSysmodule_stub]
  implicit objs: [/usr/local/vitasdk/lib/gcc/arm-vita-eabi/10.3.0/crti.o;/usr/local/vitasdk/lib/gcc/arm-vita-eabi/10.3.0/crtbegin.o;/usr/local/vitasdk/arm-vita-eabi/lib/crt0.o;/usr/local/vitasdk/lib/gcc/arm-vita-eabi/10.3.0/crtend.o;/usr/local/vitasdk/lib/gcc/arm-vita-eabi/10.3.0/crtn.o]
  implicit dirs: [/usr/local/vitasdk/lib/gcc/arm-vita-eabi/10.3.0;/usr/local/vitasdk/lib/gcc;/usr/local/vitasdk/arm-vita-eabi/lib]
  implicit fwks: []


