The target system is: Generic - 1 - armv7-a
The host system is: Darwin - 21.3.0 - x86_64
Compiling the CXX compiler identification source file "CMakeCXXCompilerId.cpp" succeeded.
Compiler: /usr/local/vitasdk/bin/arm-vita-eabi-g++ 
Build flags: 
Id flags: -c 

The output was:
0


Compilation of the CXX compiler identification source "CMakeCXXCompilerId.cpp" produced "CMakeCXXCompilerId.o"

The CXX compiler identification is GNU, found in "/Users/v/Repos/baba/goo_vita/cmake-build-debug-vitasdk/CMakeFiles/3.21.1/CompilerIdCXX/CMakeCXXCompilerId.o"

Compiling the C compiler identification source file "CMakeCCompilerId.c" succeeded.
Compiler: /usr/local/vitasdk/bin/arm-vita-eabi-gcc 
Build flags: ;-Wl,-q
Id flags: -c 

The output was:
0


Compilation of the C compiler identification source "CMakeCCompilerId.c" produced "CMakeCCompilerId.o"

The C compiler identification is GNU, found in "/Users/v/Repos/baba/goo_vita/cmake-build-debug-vitasdk/CMakeFiles/3.21.1/CompilerIdC/CMakeCCompilerId.o"

Compiling the CXX compiler identification source file "CMakeCXXCompilerId.cpp" succeeded.
Compiler: /usr/local/vitasdk/bin/arm-vita-eabi-g++ 
Build flags: ;-Wl,-q
Id flags:  

The output was:
0


Compilation of the CXX compiler identification source "CMakeCXXCompilerId.cpp" produced "a.out"

The CXX compiler identification is GNU, found in "/Users/v/Repos/baba/goo_vita/cmake-build-debug-vitasdk/CMakeFiles/3.21.1/CompilerIdCXX/a.out"

Detecting C compiler ABI info compiled with the following output:
Change Dir: /Users/v/Repos/baba/goo_vita/cmake-build-debug-vitasdk/CMakeFiles/CMakeTmp

Run Build Command(s):/Applications/CLion.app/Contents/bin/ninja/mac/ninja cmTC_a3948 && [1/2] Building C object CMakeFiles/cmTC_a3948.dir/CMakeCCompilerABI.c.obj
Using built-in specs.
COLLECT_GCC=/usr/local/vitasdk/bin/arm-vita-eabi-gcc
Target: arm-vita-eabi
Configured with: /Users/runner/work/buildscripts/buildscripts/build/gcc-final-prefix/src/gcc-final/configure --build=x86_64-apple-darwin --host=x86_64-apple-darwin --target=arm-vita-eabi --prefix=/Users/runner/work/buildscripts/buildscripts/build/vitasdk --libdir=/Users/runner/work/buildscripts/buildscripts/build/vitasdk/lib --libexecdir=/Users/runner/work/buildscripts/buildscripts/build/vitasdk/lib --with-sysroot=/Users/runner/work/buildscripts/buildscripts/build/vitasdk/arm-vita-eabi --with-gmp=/Users/runner/work/buildscripts/buildscripts/build/deps_build --with-mpfr=/Users/runner/work/buildscripts/buildscripts/build/deps_build --with-mpc=/Users/runner/work/buildscripts/buildscripts/build/deps_build --with-isl=/Users/runner/work/buildscripts/buildscripts/build/deps_build --with-libelf=/Users/runner/work/buildscripts/buildscripts/build/deps_build --with-python-dir=share/gcc-arm-vita-eabi --enable-languages=c,c++ --disable-decimal-float --disable-libffi --disable-libmudflap --disable-libquadmath --disable-libssp --disable-libstdcxx-pch --disable-nls --disable-shared --disable-tls --with-gnu-as --with-gnu-ld --with-newlib --disable-multilib --with-arch=armv7-a --with-tune=cortex-a9 --with-fpu=neon --with-float=softfp --with-mode=thumb --with-pkgversion='GNU Tools for ARM Embedded Processors' --with-headers=yes --enable-threads=posix --enable-libgomp CFLAGS=' -fbracket-depth=512' CXXFLAGS=' -fbracket-depth=512'
Thread model: posix
Supported LTO compression algorithms: zlib zstd
gcc version 10.3.0 (GNU Tools for ARM Embedded Processors) 
COLLECT_GCC_OPTIONS='-v' '-o' 'CMakeFiles/cmTC_a3948.dir/CMakeCCompilerABI.c.obj' '-c'  '-mtune=cortex-a9' '-mfloat-abi=softfp' '-mfpu=neon' '-mthumb' '-march=armv7-a+simd'
 /usr/local/vitasdk/bin/../lib/gcc/arm-vita-eabi/10.3.0/cc1 -quiet -v -iprefix /usr/local/vitasdk/bin/../lib/gcc/arm-vita-eabi/10.3.0/ -isysroot /usr/local/vitasdk/bin/../arm-vita-eabi -D__USES_INITFINI__ /Applications/CLion.app/Contents/bin/cmake/mac/share/cmake-3.21/Modules/CMakeCCompilerABI.c -quiet -dumpbase CMakeCCompilerABI.c -mtune=cortex-a9 -mfloat-abi=softfp -mfpu=neon -mthumb -march=armv7-a+simd -auxbase-strip CMakeFiles/cmTC_a3948.dir/CMakeCCompilerABI.c.obj -version -o /var/folders/0t/fxf_1lr92dsb4y1lj6thnr0w0000gn/T//cc2xVH90.s
GNU C17 (GNU Tools for ARM Embedded Processors) version 10.3.0 (arm-vita-eabi)
	compiled by GNU C version Apple LLVM 12.0.0 (clang-1200.0.32.29), GMP version 6.1.2, MPFR version 4.0.2, MPC version 1.1.0, isl version isl-0.21-GMP

GGC heuristics: --param ggc-min-expand=100 --param ggc-min-heapsize=131072
ignoring duplicate directory "/usr/local/vitasdk/bin/../lib/gcc/../../lib/gcc/arm-vita-eabi/10.3.0/include"
ignoring nonexistent directory "/usr/local/vitasdk/bin/../arm-vita-eabi/usr/local/include"
ignoring duplicate directory "/usr/local/vitasdk/bin/../lib/gcc/../../lib/gcc/arm-vita-eabi/10.3.0/include-fixed"
ignoring duplicate directory "/usr/local/vitasdk/bin/../lib/gcc/../../lib/gcc/arm-vita-eabi/10.3.0/../../../../arm-vita-eabi/include"
ignoring nonexistent directory "/usr/local/vitasdk/bin/../arm-vita-eabi/usr/include"
#include "..." search starts here:
#include <...> search starts here:
 /usr/local/vitasdk/bin/../lib/gcc/arm-vita-eabi/10.3.0/include
 /usr/local/vitasdk/bin/../lib/gcc/arm-vita-eabi/10.3.0/include-fixed
 /usr/local/vitasdk/bin/../lib/gcc/arm-vita-eabi/10.3.0/../../../../arm-vita-eabi/include
End of search list.
GNU C17 (GNU Tools for ARM Embedded Processors) version 10.3.0 (arm-vita-eabi)
	compiled by GNU C version Apple LLVM 12.0.0 (clang-1200.0.32.29), GMP version 6.1.2, MPFR version 4.0.2, MPC version 1.1.0, isl version isl-0.21-GMP

GGC heuristics: --param ggc-min-expand=100 --param ggc-min-heapsize=131072
Compiler executable checksum: 9090bc82147cda05b386f4b6f6e216ba
COLLECT_GCC_OPTIONS='-v' '-o' 'CMakeFiles/cmTC_a3948.dir/CMakeCCompilerABI.c.obj' '-c'  '-mtune=cortex-a9' '-mfloat-abi=softfp' '-mfpu=neon' '-mthumb' '-march=armv7-a+simd'
 /usr/local/vitasdk/bin/../lib/gcc/arm-vita-eabi/10.3.0/../../../../arm-vita-eabi/bin/as -v -march=armv7-a -mfloat-abi=softfp -mfpu=neon -meabi=5 -o CMakeFiles/cmTC_a3948.dir/CMakeCCompilerABI.c.obj /var/folders/0t/fxf_1lr92dsb4y1lj6thnr0w0000gn/T//cc2xVH90.s
GNU assembler version 2.34 (arm-vita-eabi) using BFD version (GNU Tools for ARM Embedded Processors) 2.34
COMPILER_PATH=/usr/local/vitasdk/bin/../lib/gcc/arm-vita-eabi/10.3.0/:/usr/local/vitasdk/bin/../lib/gcc/:/usr/local/vitasdk/bin/../lib/gcc/arm-vita-eabi/10.3.0/../../../../arm-vita-eabi/bin/
LIBRARY_PATH=/usr/local/vitasdk/bin/../lib/gcc/arm-vita-eabi/10.3.0/:/usr/local/vitasdk/bin/../lib/gcc/:/usr/local/vitasdk/bin/../lib/gcc/arm-vita-eabi/10.3.0/../../../../arm-vita-eabi/lib/:/usr/local/vitasdk/bin/../arm-vita-eabi/lib/
COLLECT_GCC_OPTIONS='-v' '-o' 'CMakeFiles/cmTC_a3948.dir/CMakeCCompilerABI.c.obj' '-c'  '-mtune=cortex-a9' '-mfloat-abi=softfp' '-mfpu=neon' '-mthumb' '-march=armv7-a+simd'
[2/2] Linking C executable cmTC_a3948
Using built-in specs.
COLLECT_GCC=/usr/local/vitasdk/bin/arm-vita-eabi-gcc
COLLECT_LTO_WRAPPER=/usr/local/vitasdk/bin/../lib/gcc/arm-vita-eabi/10.3.0/lto-wrapper
Target: arm-vita-eabi
Configured with: /Users/runner/work/buildscripts/buildscripts/build/gcc-final-prefix/src/gcc-final/configure --build=x86_64-apple-darwin --host=x86_64-apple-darwin --target=arm-vita-eabi --prefix=/Users/runner/work/buildscripts/buildscripts/build/vitasdk --libdir=/Users/runner/work/buildscripts/buildscripts/build/vitasdk/lib --libexecdir=/Users/runner/work/buildscripts/buildscripts/build/vitasdk/lib --with-sysroot=/Users/runner/work/buildscripts/buildscripts/build/vitasdk/arm-vita-eabi --with-gmp=/Users/runner/work/buildscripts/buildscripts/build/deps_build --with-mpfr=/Users/runner/work/buildscripts/buildscripts/build/deps_build --with-mpc=/Users/runner/work/buildscripts/buildscripts/build/deps_build --with-isl=/Users/runner/work/buildscripts/buildscripts/build/deps_build --with-libelf=/Users/runner/work/buildscripts/buildscripts/build/deps_build --with-python-dir=share/gcc-arm-vita-eabi --enable-languages=c,c++ --disable-decimal-float --disable-libffi --disable-libmudflap --disable-libquadmath --disable-libssp --disable-libstdcxx-pch --disable-nls --disable-shared --disable-tls --with-gnu-as --with-gnu-ld --with-newlib --disable-multilib --with-arch=armv7-a --with-tune=cortex-a9 --with-fpu=neon --with-float=softfp --with-mode=thumb --with-pkgversion='GNU Tools for ARM Embedded Processors' --with-headers=yes --enable-threads=posix --enable-libgomp CFLAGS=' -fbracket-depth=512' CXXFLAGS=' -fbracket-depth=512'
Thread model: posix
Supported LTO compression algorithms: zlib zstd
gcc version 10.3.0 (GNU Tools for ARM Embedded Processors) 
COMPILER_PATH=/usr/local/vitasdk/bin/../lib/gcc/arm-vita-eabi/10.3.0/:/usr/local/vitasdk/bin/../lib/gcc/:/usr/local/vitasdk/bin/../lib/gcc/arm-vita-eabi/10.3.0/../../../../arm-vita-eabi/bin/
LIBRARY_PATH=/usr/local/vitasdk/bin/../lib/gcc/arm-vita-eabi/10.3.0/:/usr/local/vitasdk/bin/../lib/gcc/:/usr/local/vitasdk/bin/../lib/gcc/arm-vita-eabi/10.3.0/../../../../arm-vita-eabi/lib/:/usr/local/vitasdk/bin/../arm-vita-eabi/lib/
COLLECT_GCC_OPTIONS='-v' '-o' 'cmTC_a3948'  '-mtune=cortex-a9' '-mfloat-abi=softfp' '-mfpu=neon' '-mthumb' '-march=armv7-a+simd'
 /usr/local/vitasdk/bin/../lib/gcc/arm-vita-eabi/10.3.0/collect2 -plugin /usr/local/vitasdk/bin/../lib/gcc/arm-vita-eabi/10.3.0/liblto_plugin.so -plugin-opt=/usr/local/vitasdk/bin/../lib/gcc/arm-vita-eabi/10.3.0/lto-wrapper -plugin-opt=-fresolution=/var/folders/0t/fxf_1lr92dsb4y1lj6thnr0w0000gn/T//cc59FVWj.res -plugin-opt=-pass-through=-lgcc -plugin-opt=-pass-through=-lc -plugin-opt=-pass-through=-lSceRtc_stub -plugin-opt=-pass-through=-lSceSysmem_stub -plugin-opt=-pass-through=-lSceKernelThreadMgr_stub -plugin-opt=-pass-through=-lSceKernelModulemgr_stub -plugin-opt=-pass-through=-lSceIofilemgr_stub -plugin-opt=-pass-through=-lSceProcessmgr_stub -plugin-opt=-pass-through=-lSceLibKernel_stub -plugin-opt=-pass-through=-lSceNet_stub --sysroot=/usr/local/vitasdk/bin/../arm-vita-eabi -X -o cmTC_a3948 /usr/local/vitasdk/bin/../lib/gcc/arm-vita-eabi/10.3.0/crti.o /usr/local/vitasdk/bin/../lib/gcc/arm-vita-eabi/10.3.0/crtbegin.o /usr/local/vitasdk/bin/../lib/gcc/arm-vita-eabi/10.3.0/../../../../arm-vita-eabi/lib/crt0.o -L/usr/local/vitasdk/bin/../lib/gcc/arm-vita-eabi/10.3.0 -L/usr/local/vitasdk/bin/../lib/gcc -L/usr/local/vitasdk/bin/../lib/gcc/arm-vita-eabi/10.3.0/../../../../arm-vita-eabi/lib -L/usr/local/vitasdk/bin/../arm-vita-eabi/lib -q -z nocopyreloc CMakeFiles/cmTC_a3948.dir/CMakeCCompilerABI.c.obj --start-group -lgcc -lc -lSceRtc_stub -lSceSysmem_stub -lSceKernelThreadMgr_stub -lSceKernelModulemgr_stub -lSceIofilemgr_stub -lSceProcessmgr_stub -lSceLibKernel_stub -lSceNet_stub --end-group /usr/local/vitasdk/bin/../lib/gcc/arm-vita-eabi/10.3.0/crtend.o /usr/local/vitasdk/bin/../lib/gcc/arm-vita-eabi/10.3.0/crtn.o
COLLECT_GCC_OPTIONS='-v' '-o' 'cmTC_a3948'  '-mtune=cortex-a9' '-mfloat-abi=softfp' '-mfpu=neon' '-mthumb' '-march=armv7-a+simd'



Parsed C implicit include dir info from above output: rv=done
  found start of include info
  found start of implicit include info
    add: [/usr/local/vitasdk/bin/../lib/gcc/arm-vita-eabi/10.3.0/include]
    add: [/usr/local/vitasdk/bin/../lib/gcc/arm-vita-eabi/10.3.0/include-fixed]
    add: [/usr/local/vitasdk/bin/../lib/gcc/arm-vita-eabi/10.3.0/../../../../arm-vita-eabi/include]
  end of search list found
  collapse include dir [/usr/local/vitasdk/bin/../lib/gcc/arm-vita-eabi/10.3.0/include] ==> [/usr/local/vitasdk/lib/gcc/arm-vita-eabi/10.3.0/include]
  collapse include dir [/usr/local/vitasdk/bin/../lib/gcc/arm-vita-eabi/10.3.0/include-fixed] ==> [/usr/local/vitasdk/lib/gcc/arm-vita-eabi/10.3.0/include-fixed]
  collapse include dir [/usr/local/vitasdk/bin/../lib/gcc/arm-vita-eabi/10.3.0/../../../../arm-vita-eabi/include] ==> [/usr/local/vitasdk/arm-vita-eabi/include]
  implicit include dirs: [/usr/local/vitasdk/lib/gcc/arm-vita-eabi/10.3.0/include;/usr/local/vitasdk/lib/gcc/arm-vita-eabi/10.3.0/include-fixed;/usr/local/vitasdk/arm-vita-eabi/include]


Parsed C implicit link information from above output:
  link line regex: [^( *|.*[/\])(arm-vita-eabi-ld|CMAKE_LINK_STARTFILE-NOTFOUND|([^/\]+-)?ld|collect2)[^/\]*( |$)]
  ignore line: [Change Dir: /Users/v/Repos/baba/goo_vita/cmake-build-debug-vitasdk/CMakeFiles/CMakeTmp]
  ignore line: []
  ignore line: [Run Build Command(s):/Applications/CLion.app/Contents/bin/ninja/mac/ninja cmTC_a3948 && [1/2] Building C object CMakeFiles/cmTC_a3948.dir/CMakeCCompilerABI.c.obj]
  ignore line: [Using built-in specs.]
  ignore line: [COLLECT_GCC=/usr/local/vitasdk/bin/arm-vita-eabi-gcc]
  ignore line: [Target: arm-vita-eabi]
  ignore line: [Configured with: /Users/runner/work/buildscripts/buildscripts/build/gcc-final-prefix/src/gcc-final/configure --build=x86_64-apple-darwin --host=x86_64-apple-darwin --target=arm-vita-eabi --prefix=/Users/runner/work/buildscripts/buildscripts/build/vitasdk --libdir=/Users/runner/work/buildscripts/buildscripts/build/vitasdk/lib --libexecdir=/Users/runner/work/buildscripts/buildscripts/build/vitasdk/lib --with-sysroot=/Users/runner/work/buildscripts/buildscripts/build/vitasdk/arm-vita-eabi --with-gmp=/Users/runner/work/buildscripts/buildscripts/build/deps_build --with-mpfr=/Users/runner/work/buildscripts/buildscripts/build/deps_build --with-mpc=/Users/runner/work/buildscripts/buildscripts/build/deps_build --with-isl=/Users/runner/work/buildscripts/buildscripts/build/deps_build --with-libelf=/Users/runner/work/buildscripts/buildscripts/build/deps_build --with-python-dir=share/gcc-arm-vita-eabi --enable-languages=c,c++ --disable-decimal-float --disable-libffi --disable-libmudflap --disable-libquadmath --disable-libssp --disable-libstdcxx-pch --disable-nls --disable-shared --disable-tls --with-gnu-as --with-gnu-ld --with-newlib --disable-multilib --with-arch=armv7-a --with-tune=cortex-a9 --with-fpu=neon --with-float=softfp --with-mode=thumb --with-pkgversion='GNU Tools for ARM Embedded Processors' --with-headers=yes --enable-threads=posix --enable-libgomp CFLAGS=' -fbracket-depth=512' CXXFLAGS=' -fbracket-depth=512']
  ignore line: [Thread model: posix]
  ignore line: [Supported LTO compression algorithms: zlib zstd]
  ignore line: [gcc version 10.3.0 (GNU Tools for ARM Embedded Processors) ]
  ignore line: [COLLECT_GCC_OPTIONS='-v' '-o' 'CMakeFiles/cmTC_a3948.dir/CMakeCCompilerABI.c.obj' '-c'  '-mtune=cortex-a9' '-mfloat-abi=softfp' '-mfpu=neon' '-mthumb' '-march=armv7-a+simd']
  ignore line: [ /usr/local/vitasdk/bin/../lib/gcc/arm-vita-eabi/10.3.0/cc1 -quiet -v -iprefix /usr/local/vitasdk/bin/../lib/gcc/arm-vita-eabi/10.3.0/ -isysroot /usr/local/vitasdk/bin/../arm-vita-eabi -D__USES_INITFINI__ /Applications/CLion.app/Contents/bin/cmake/mac/share/cmake-3.21/Modules/CMakeCCompilerABI.c -quiet -dumpbase CMakeCCompilerABI.c -mtune=cortex-a9 -mfloat-abi=softfp -mfpu=neon -mthumb -march=armv7-a+simd -auxbase-strip CMakeFiles/cmTC_a3948.dir/CMakeCCompilerABI.c.obj -version -o /var/folders/0t/fxf_1lr92dsb4y1lj6thnr0w0000gn/T//cc2xVH90.s]
  ignore line: [GNU C17 (GNU Tools for ARM Embedded Processors) version 10.3.0 (arm-vita-eabi)]
  ignore line: [	compiled by GNU C version Apple LLVM 12.0.0 (clang-1200.0.32.29)  GMP version 6.1.2  MPFR version 4.0.2  MPC version 1.1.0  isl version isl-0.21-GMP]
  ignore line: []
  ignore line: [GGC heuristics: --param ggc-min-expand=100 --param ggc-min-heapsize=131072]
  ignore line: [ignoring duplicate directory "/usr/local/vitasdk/bin/../lib/gcc/../../lib/gcc/arm-vita-eabi/10.3.0/include"]
  ignore line: [ignoring nonexistent directory "/usr/local/vitasdk/bin/../arm-vita-eabi/usr/local/include"]
  ignore line: [ignoring duplicate directory "/usr/local/vitasdk/bin/../lib/gcc/../../lib/gcc/arm-vita-eabi/10.3.0/include-fixed"]
  ignore line: [ignoring duplicate directory "/usr/local/vitasdk/bin/../lib/gcc/../../lib/gcc/arm-vita-eabi/10.3.0/../../../../arm-vita-eabi/include"]
  ignore line: [ignoring nonexistent directory "/usr/local/vitasdk/bin/../arm-vita-eabi/usr/include"]
  ignore line: [#include "..." search starts here:]
  ignore line: [#include <...> search starts here:]
  ignore line: [ /usr/local/vitasdk/bin/../lib/gcc/arm-vita-eabi/10.3.0/include]
  ignore line: [ /usr/local/vitasdk/bin/../lib/gcc/arm-vita-eabi/10.3.0/include-fixed]
  ignore line: [ /usr/local/vitasdk/bin/../lib/gcc/arm-vita-eabi/10.3.0/../../../../arm-vita-eabi/include]
  ignore line: [End of search list.]
  ignore line: [GNU C17 (GNU Tools for ARM Embedded Processors) version 10.3.0 (arm-vita-eabi)]
  ignore line: [	compiled by GNU C version Apple LLVM 12.0.0 (clang-1200.0.32.29)  GMP version 6.1.2  MPFR version 4.0.2  MPC version 1.1.0  isl version isl-0.21-GMP]
  ignore line: []
  ignore line: [GGC heuristics: --param ggc-min-expand=100 --param ggc-min-heapsize=131072]
  ignore line: [Compiler executable checksum: 9090bc82147cda05b386f4b6f6e216ba]
  ignore line: [COLLECT_GCC_OPTIONS='-v' '-o' 'CMakeFiles/cmTC_a3948.dir/CMakeCCompilerABI.c.obj' '-c'  '-mtune=cortex-a9' '-mfloat-abi=softfp' '-mfpu=neon' '-mthumb' '-march=armv7-a+simd']
  ignore line: [ /usr/local/vitasdk/bin/../lib/gcc/arm-vita-eabi/10.3.0/../../../../arm-vita-eabi/bin/as -v -march=armv7-a -mfloat-abi=softfp -mfpu=neon -meabi=5 -o CMakeFiles/cmTC_a3948.dir/CMakeCCompilerABI.c.obj /var/folders/0t/fxf_1lr92dsb4y1lj6thnr0w0000gn/T//cc2xVH90.s]
  ignore line: [GNU assembler version 2.34 (arm-vita-eabi) using BFD version (GNU Tools for ARM Embedded Processors) 2.34]
  ignore line: [COMPILER_PATH=/usr/local/vitasdk/bin/../lib/gcc/arm-vita-eabi/10.3.0/:/usr/local/vitasdk/bin/../lib/gcc/:/usr/local/vitasdk/bin/../lib/gcc/arm-vita-eabi/10.3.0/../../../../arm-vita-eabi/bin/]
  ignore line: [LIBRARY_PATH=/usr/local/vitasdk/bin/../lib/gcc/arm-vita-eabi/10.3.0/:/usr/local/vitasdk/bin/../lib/gcc/:/usr/local/vitasdk/bin/../lib/gcc/arm-vita-eabi/10.3.0/../../../../arm-vita-eabi/lib/:/usr/local/vitasdk/bin/../arm-vita-eabi/lib/]
  ignore line: [COLLECT_GCC_OPTIONS='-v' '-o' 'CMakeFiles/cmTC_a3948.dir/CMakeCCompilerABI.c.obj' '-c'  '-mtune=cortex-a9' '-mfloat-abi=softfp' '-mfpu=neon' '-mthumb' '-march=armv7-a+simd']
  ignore line: [[2/2] Linking C executable cmTC_a3948]
  ignore line: [Using built-in specs.]
  ignore line: [COLLECT_GCC=/usr/local/vitasdk/bin/arm-vita-eabi-gcc]
  ignore line: [COLLECT_LTO_WRAPPER=/usr/local/vitasdk/bin/../lib/gcc/arm-vita-eabi/10.3.0/lto-wrapper]
  ignore line: [Target: arm-vita-eabi]
  ignore line: [Configured with: /Users/runner/work/buildscripts/buildscripts/build/gcc-final-prefix/src/gcc-final/configure --build=x86_64-apple-darwin --host=x86_64-apple-darwin --target=arm-vita-eabi --prefix=/Users/runner/work/buildscripts/buildscripts/build/vitasdk --libdir=/Users/runner/work/buildscripts/buildscripts/build/vitasdk/lib --libexecdir=/Users/runner/work/buildscripts/buildscripts/build/vitasdk/lib --with-sysroot=/Users/runner/work/buildscripts/buildscripts/build/vitasdk/arm-vita-eabi --with-gmp=/Users/runner/work/buildscripts/buildscripts/build/deps_build --with-mpfr=/Users/runner/work/buildscripts/buildscripts/build/deps_build --with-mpc=/Users/runner/work/buildscripts/buildscripts/build/deps_build --with-isl=/Users/runner/work/buildscripts/buildscripts/build/deps_build --with-libelf=/Users/runner/work/buildscripts/buildscripts/build/deps_build --with-python-dir=share/gcc-arm-vita-eabi --enable-languages=c,c++ --disable-decimal-float --disable-libffi --disable-libmudflap --disable-libquadmath --disable-libssp --disable-libstdcxx-pch --disable-nls --disable-shared --disable-tls --with-gnu-as --with-gnu-ld --with-newlib --disable-multilib --with-arch=armv7-a --with-tune=cortex-a9 --with-fpu=neon --with-float=softfp --with-mode=thumb --with-pkgversion='GNU Tools for ARM Embedded Processors' --with-headers=yes --enable-threads=posix --enable-libgomp CFLAGS=' -fbracket-depth=512' CXXFLAGS=' -fbracket-depth=512']
  ignore line: [Thread model: posix]
  ignore line: [Supported LTO compression algorithms: zlib zstd]
  ignore line: [gcc version 10.3.0 (GNU Tools for ARM Embedded Processors) ]
  ignore line: [COMPILER_PATH=/usr/local/vitasdk/bin/../lib/gcc/arm-vita-eabi/10.3.0/:/usr/local/vitasdk/bin/../lib/gcc/:/usr/local/vitasdk/bin/../lib/gcc/arm-vita-eabi/10.3.0/../../../../arm-vita-eabi/bin/]
  ignore line: [LIBRARY_PATH=/usr/local/vitasdk/bin/../lib/gcc/arm-vita-eabi/10.3.0/:/usr/local/vitasdk/bin/../lib/gcc/:/usr/local/vitasdk/bin/../lib/gcc/arm-vita-eabi/10.3.0/../../../../arm-vita-eabi/lib/:/usr/local/vitasdk/bin/../arm-vita-eabi/lib/]
  ignore line: [COLLECT_GCC_OPTIONS='-v' '-o' 'cmTC_a3948'  '-mtune=cortex-a9' '-mfloat-abi=softfp' '-mfpu=neon' '-mthumb' '-march=armv7-a+simd']
  link line: [ /usr/local/vitasdk/bin/../lib/gcc/arm-vita-eabi/10.3.0/collect2 -plugin /usr/local/vitasdk/bin/../lib/gcc/arm-vita-eabi/10.3.0/liblto_plugin.so -plugin-opt=/usr/local/vitasdk/bin/../lib/gcc/arm-vita-eabi/10.3.0/lto-wrapper -plugin-opt=-fresolution=/var/folders/0t/fxf_1lr92dsb4y1lj6thnr0w0000gn/T//cc59FVWj.res -plugin-opt=-pass-through=-lgcc -plugin-opt=-pass-through=-lc -plugin-opt=-pass-through=-lSceRtc_stub -plugin-opt=-pass-through=-lSceSysmem_stub -plugin-opt=-pass-through=-lSceKernelThreadMgr_stub -plugin-opt=-pass-through=-lSceKernelModulemgr_stub -plugin-opt=-pass-through=-lSceIofilemgr_stub -plugin-opt=-pass-through=-lSceProcessmgr_stub -plugin-opt=-pass-through=-lSceLibKernel_stub -plugin-opt=-pass-through=-lSceNet_stub --sysroot=/usr/local/vitasdk/bin/../arm-vita-eabi -X -o cmTC_a3948 /usr/local/vitasdk/bin/../lib/gcc/arm-vita-eabi/10.3.0/crti.o /usr/local/vitasdk/bin/../lib/gcc/arm-vita-eabi/10.3.0/crtbegin.o /usr/local/vitasdk/bin/../lib/gcc/arm-vita-eabi/10.3.0/../../../../arm-vita-eabi/lib/crt0.o -L/usr/local/vitasdk/bin/../lib/gcc/arm-vita-eabi/10.3.0 -L/usr/local/vitasdk/bin/../lib/gcc -L/usr/local/vitasdk/bin/../lib/gcc/arm-vita-eabi/10.3.0/../../../../arm-vita-eabi/lib -L/usr/local/vitasdk/bin/../arm-vita-eabi/lib -q -z nocopyreloc CMakeFiles/cmTC_a3948.dir/CMakeCCompilerABI.c.obj --start-group -lgcc -lc -lSceRtc_stub -lSceSysmem_stub -lSceKernelThreadMgr_stub -lSceKernelModulemgr_stub -lSceIofilemgr_stub -lSceProcessmgr_stub -lSceLibKernel_stub -lSceNet_stub --end-group /usr/local/vitasdk/bin/../lib/gcc/arm-vita-eabi/10.3.0/crtend.o /usr/local/vitasdk/bin/../lib/gcc/arm-vita-eabi/10.3.0/crtn.o]
    arg [/usr/local/vitasdk/bin/../lib/gcc/arm-vita-eabi/10.3.0/collect2] ==> ignore
    arg [-plugin] ==> ignore
    arg [/usr/local/vitasdk/bin/../lib/gcc/arm-vita-eabi/10.3.0/liblto_plugin.so] ==> ignore
    arg [-plugin-opt=/usr/local/vitasdk/bin/../lib/gcc/arm-vita-eabi/10.3.0/lto-wrapper] ==> ignore
    arg [-plugin-opt=-fresolution=/var/folders/0t/fxf_1lr92dsb4y1lj6thnr0w0000gn/T//cc59FVWj.res] ==> ignore
    arg [-plugin-opt=-pass-through=-lgcc] ==> ignore
    arg [-plugin-opt=-pass-through=-lc] ==> ignore
    arg [-plugin-opt=-pass-through=-lSceRtc_stub] ==> ignore
    arg [-plugin-opt=-pass-through=-lSceSysmem_stub] ==> ignore
    arg [-plugin-opt=-pass-through=-lSceKernelThreadMgr_stub] ==> ignore
    arg [-plugin-opt=-pass-through=-lSceKernelModulemgr_stub] ==> ignore
    arg [-plugin-opt=-pass-through=-lSceIofilemgr_stub] ==> ignore
    arg [-plugin-opt=-pass-through=-lSceProcessmgr_stub] ==> ignore
    arg [-plugin-opt=-pass-through=-lSceLibKernel_stub] ==> ignore
    arg [-plugin-opt=-pass-through=-lSceNet_stub] ==> ignore
    arg [--sysroot=/usr/local/vitasdk/bin/../arm-vita-eabi] ==> ignore
    arg [-X] ==> ignore
    arg [-o] ==> ignore
    arg [cmTC_a3948] ==> ignore
    arg [/usr/local/vitasdk/bin/../lib/gcc/arm-vita-eabi/10.3.0/crti.o] ==> obj [/usr/local/vitasdk/bin/../lib/gcc/arm-vita-eabi/10.3.0/crti.o]
    arg [/usr/local/vitasdk/bin/../lib/gcc/arm-vita-eabi/10.3.0/crtbegin.o] ==> obj [/usr/local/vitasdk/bin/../lib/gcc/arm-vita-eabi/10.3.0/crtbegin.o]
    arg [/usr/local/vitasdk/bin/../lib/gcc/arm-vita-eabi/10.3.0/../../../../arm-vita-eabi/lib/crt0.o] ==> obj [/usr/local/vitasdk/bin/../lib/gcc/arm-vita-eabi/10.3.0/../../../../arm-vita-eabi/lib/crt0.o]
    arg [-L/usr/local/vitasdk/bin/../lib/gcc/arm-vita-eabi/10.3.0] ==> dir [/usr/local/vitasdk/bin/../lib/gcc/arm-vita-eabi/10.3.0]
    arg [-L/usr/local/vitasdk/bin/../lib/gcc] ==> dir [/usr/local/vitasdk/bin/../lib/gcc]
    arg [-L/usr/local/vitasdk/bin/../lib/gcc/arm-vita-eabi/10.3.0/../../../../arm-vita-eabi/lib] ==> dir [/usr/local/vitasdk/bin/../lib/gcc/arm-vita-eabi/10.3.0/../../../../arm-vita-eabi/lib]
    arg [-L/usr/local/vitasdk/bin/../arm-vita-eabi/lib] ==> dir [/usr/local/vitasdk/bin/../arm-vita-eabi/lib]
    arg [-q] ==> ignore
    arg [-znocopyreloc] ==> ignore
    arg [CMakeFiles/cmTC_a3948.dir/CMakeCCompilerABI.c.obj] ==> ignore
    arg [--start-group] ==> ignore
    arg [-lgcc] ==> lib [gcc]
    arg [-lc] ==> lib [c]
    arg [-lSceRtc_stub] ==> lib [SceRtc_stub]
    arg [-lSceSysmem_stub] ==> lib [SceSysmem_stub]
    arg [-lSceKernelThreadMgr_stub] ==> lib [SceKernelThreadMgr_stub]
    arg [-lSceKernelModulemgr_stub] ==> lib [SceKernelModulemgr_stub]
    arg [-lSceIofilemgr_stub] ==> lib [SceIofilemgr_stub]
    arg [-lSceProcessmgr_stub] ==> lib [SceProcessmgr_stub]
    arg [-lSceLibKernel_stub] ==> lib [SceLibKernel_stub]
    arg [-lSceNet_stub] ==> lib [SceNet_stub]
    arg [--end-group] ==> ignore
    arg [/usr/local/vitasdk/bin/../lib/gcc/arm-vita-eabi/10.3.0/crtend.o] ==> obj [/usr/local/vitasdk/bin/../lib/gcc/arm-vita-eabi/10.3.0/crtend.o]
    arg [/usr/local/vitasdk/bin/../lib/gcc/arm-vita-eabi/10.3.0/crtn.o] ==> obj [/usr/local/vitasdk/bin/../lib/gcc/arm-vita-eabi/10.3.0/crtn.o]
  collapse obj [/usr/local/vitasdk/bin/../lib/gcc/arm-vita-eabi/10.3.0/crti.o] ==> [/usr/local/vitasdk/lib/gcc/arm-vita-eabi/10.3.0/crti.o]
  collapse obj [/usr/local/vitasdk/bin/../lib/gcc/arm-vita-eabi/10.3.0/crtbegin.o] ==> [/usr/local/vitasdk/lib/gcc/arm-vita-eabi/10.3.0/crtbegin.o]
  collapse obj [/usr/local/vitasdk/bin/../lib/gcc/arm-vita-eabi/10.3.0/../../../../arm-vita-eabi/lib/crt0.o] ==> [/usr/local/vitasdk/arm-vita-eabi/lib/crt0.o]
  collapse obj [/usr/local/vitasdk/bin/../lib/gcc/arm-vita-eabi/10.3.0/crtend.o] ==> [/usr/local/vitasdk/lib/gcc/arm-vita-eabi/10.3.0/crtend.o]
  collapse obj [/usr/local/vitasdk/bin/../lib/gcc/arm-vita-eabi/10.3.0/crtn.o] ==> [/usr/local/vitasdk/lib/gcc/arm-vita-eabi/10.3.0/crtn.o]
  collapse library dir [/usr/local/vitasdk/bin/../lib/gcc/arm-vita-eabi/10.3.0] ==> [/usr/local/vitasdk/lib/gcc/arm-vita-eabi/10.3.0]
  collapse library dir [/usr/local/vitasdk/bin/../lib/gcc] ==> [/usr/local/vitasdk/lib/gcc]
  collapse library dir [/usr/local/vitasdk/bin/../lib/gcc/arm-vita-eabi/10.3.0/../../../../arm-vita-eabi/lib] ==> [/usr/local/vitasdk/arm-vita-eabi/lib]
  collapse library dir [/usr/local/vitasdk/bin/../arm-vita-eabi/lib] ==> [/usr/local/vitasdk/arm-vita-eabi/lib]
  implicit libs: [gcc;c;SceRtc_stub;SceSysmem_stub;SceKernelThreadMgr_stub;SceKernelModulemgr_stub;SceIofilemgr_stub;SceProcessmgr_stub;SceLibKernel_stub;SceNet_stub]
  implicit objs: [/usr/local/vitasdk/lib/gcc/arm-vita-eabi/10.3.0/crti.o;/usr/local/vitasdk/lib/gcc/arm-vita-eabi/10.3.0/crtbegin.o;/usr/local/vitasdk/arm-vita-eabi/lib/crt0.o;/usr/local/vitasdk/lib/gcc/arm-vita-eabi/10.3.0/crtend.o;/usr/local/vitasdk/lib/gcc/arm-vita-eabi/10.3.0/crtn.o]
  implicit dirs: [/usr/local/vitasdk/lib/gcc/arm-vita-eabi/10.3.0;/usr/local/vitasdk/lib/gcc;/usr/local/vitasdk/arm-vita-eabi/lib]
  implicit fwks: []


Detecting CXX compiler ABI info compiled with the following output:
Change Dir: /Users/v/Repos/baba/goo_vita/cmake-build-debug-vitasdk/CMakeFiles/CMakeTmp

Run Build Command(s):/Applications/CLion.app/Contents/bin/ninja/mac/ninja cmTC_9d37d && [1/2] Building CXX object CMakeFiles/cmTC_9d37d.dir/CMakeCXXCompilerABI.cpp.obj
Using built-in specs.
COLLECT_GCC=/usr/local/vitasdk/bin/arm-vita-eabi-g++
Target: arm-vita-eabi
Configured with: /Users/runner/work/buildscripts/buildscripts/build/gcc-final-prefix/src/gcc-final/configure --build=x86_64-apple-darwin --host=x86_64-apple-darwin --target=arm-vita-eabi --prefix=/Users/runner/work/buildscripts/buildscripts/build/vitasdk --libdir=/Users/runner/work/buildscripts/buildscripts/build/vitasdk/lib --libexecdir=/Users/runner/work/buildscripts/buildscripts/build/vitasdk/lib --with-sysroot=/Users/runner/work/buildscripts/buildscripts/build/vitasdk/arm-vita-eabi --with-gmp=/Users/runner/work/buildscripts/buildscripts/build/deps_build --with-mpfr=/Users/runner/work/buildscripts/buildscripts/build/deps_build --with-mpc=/Users/runner/work/buildscripts/buildscripts/build/deps_build --with-isl=/Users/runner/work/buildscripts/buildscripts/build/deps_build --with-libelf=/Users/runner/work/buildscripts/buildscripts/build/deps_build --with-python-dir=share/gcc-arm-vita-eabi --enable-languages=c,c++ --disable-decimal-float --disable-libffi --disable-libmudflap --disable-libquadmath --disable-libssp --disable-libstdcxx-pch --disable-nls --disable-shared --disable-tls --with-gnu-as --with-gnu-ld --with-newlib --disable-multilib --with-arch=armv7-a --with-tune=cortex-a9 --with-fpu=neon --with-float=softfp --with-mode=thumb --with-pkgversion='GNU Tools for ARM Embedded Processors' --with-headers=yes --enable-threads=posix --enable-libgomp CFLAGS=' -fbracket-depth=512' CXXFLAGS=' -fbracket-depth=512'
Thread model: posix
Supported LTO compression algorithms: zlib zstd
gcc version 10.3.0 (GNU Tools for ARM Embedded Processors) 
COLLECT_GCC_OPTIONS='-v' '-o' 'CMakeFiles/cmTC_9d37d.dir/CMakeCXXCompilerABI.cpp.obj' '-c'  '-mtune=cortex-a9' '-mfloat-abi=softfp' '-mfpu=neon' '-mthumb' '-march=armv7-a+simd'
 /usr/local/vitasdk/bin/../lib/gcc/arm-vita-eabi/10.3.0/cc1plus -quiet -v -iprefix /usr/local/vitasdk/bin/../lib/gcc/arm-vita-eabi/10.3.0/ -isysroot /usr/local/vitasdk/bin/../arm-vita-eabi -D__USES_INITFINI__ /Applications/CLion.app/Contents/bin/cmake/mac/share/cmake-3.21/Modules/CMakeCXXCompilerABI.cpp -quiet -dumpbase CMakeCXXCompilerABI.cpp -mtune=cortex-a9 -mfloat-abi=softfp -mfpu=neon -mthumb -march=armv7-a+simd -auxbase-strip CMakeFiles/cmTC_9d37d.dir/CMakeCXXCompilerABI.cpp.obj -version -o /var/folders/0t/fxf_1lr92dsb4y1lj6thnr0w0000gn/T//ccYj6sUX.s
GNU C++14 (GNU Tools for ARM Embedded Processors) version 10.3.0 (arm-vita-eabi)
	compiled by GNU C version Apple LLVM 12.0.0 (clang-1200.0.32.29), GMP version 6.1.2, MPFR version 4.0.2, MPC version 1.1.0, isl version isl-0.21-GMP

GGC heuristics: --param ggc-min-expand=100 --param ggc-min-heapsize=131072
ignoring duplicate directory "/usr/local/vitasdk/bin/../lib/gcc/../../lib/gcc/arm-vita-eabi/10.3.0/../../../../arm-vita-eabi/include/c++/10.3.0"
ignoring duplicate directory "/usr/local/vitasdk/bin/../lib/gcc/../../lib/gcc/arm-vita-eabi/10.3.0/../../../../arm-vita-eabi/include/c++/10.3.0/arm-vita-eabi"
ignoring duplicate directory "/usr/local/vitasdk/bin/../lib/gcc/../../lib/gcc/arm-vita-eabi/10.3.0/../../../../arm-vita-eabi/include/c++/10.3.0/backward"
ignoring duplicate directory "/usr/local/vitasdk/bin/../lib/gcc/../../lib/gcc/arm-vita-eabi/10.3.0/include"
ignoring nonexistent directory "/usr/local/vitasdk/bin/../arm-vita-eabi/usr/local/include"
ignoring duplicate directory "/usr/local/vitasdk/bin/../lib/gcc/../../lib/gcc/arm-vita-eabi/10.3.0/include-fixed"
ignoring duplicate directory "/usr/local/vitasdk/bin/../lib/gcc/../../lib/gcc/arm-vita-eabi/10.3.0/../../../../arm-vita-eabi/include"
ignoring nonexistent directory "/usr/local/vitasdk/bin/../arm-vita-eabi/usr/include"
#include "..." search starts here:
#include <...> search starts here:
 /usr/local/vitasdk/bin/../lib/gcc/arm-vita-eabi/10.3.0/../../../../arm-vita-eabi/include/c++/10.3.0
 /usr/local/vitasdk/bin/../lib/gcc/arm-vita-eabi/10.3.0/../../../../arm-vita-eabi/include/c++/10.3.0/arm-vita-eabi
 /usr/local/vitasdk/bin/../lib/gcc/arm-vita-eabi/10.3.0/../../../../arm-vita-eabi/include/c++/10.3.0/backward
 /usr/local/vitasdk/bin/../lib/gcc/arm-vita-eabi/10.3.0/include
 /usr/local/vitasdk/bin/../lib/gcc/arm-vita-eabi/10.3.0/include-fixed
 /usr/local/vitasdk/bin/../lib/gcc/arm-vita-eabi/10.3.0/../../../../arm-vita-eabi/include
End of search list.
GNU C++14 (GNU Tools for ARM Embedded Processors) version 10.3.0 (arm-vita-eabi)
	compiled by GNU C version Apple LLVM 12.0.0 (clang-1200.0.32.29), GMP version 6.1.2, MPFR version 4.0.2, MPC version 1.1.0, isl version isl-0.21-GMP

GGC heuristics: --param ggc-min-expand=100 --param ggc-min-heapsize=131072
Compiler executable checksum: d96915a97cb9618003ebab7434bacc64
COLLECT_GCC_OPTIONS='-v' '-o' 'CMakeFiles/cmTC_9d37d.dir/CMakeCXXCompilerABI.cpp.obj' '-c'  '-mtune=cortex-a9' '-mfloat-abi=softfp' '-mfpu=neon' '-mthumb' '-march=armv7-a+simd'
 /usr/local/vitasdk/bin/../lib/gcc/arm-vita-eabi/10.3.0/../../../../arm-vita-eabi/bin/as -v -march=armv7-a -mfloat-abi=softfp -mfpu=neon -meabi=5 -o CMakeFiles/cmTC_9d37d.dir/CMakeCXXCompilerABI.cpp.obj /var/folders/0t/fxf_1lr92dsb4y1lj6thnr0w0000gn/T//ccYj6sUX.s
GNU assembler version 2.34 (arm-vita-eabi) using BFD version (GNU Tools for ARM Embedded Processors) 2.34
COMPILER_PATH=/usr/local/vitasdk/bin/../lib/gcc/arm-vita-eabi/10.3.0/:/usr/local/vitasdk/bin/../lib/gcc/:/usr/local/vitasdk/bin/../lib/gcc/arm-vita-eabi/10.3.0/../../../../arm-vita-eabi/bin/
LIBRARY_PATH=/usr/local/vitasdk/bin/../lib/gcc/arm-vita-eabi/10.3.0/:/usr/local/vitasdk/bin/../lib/gcc/:/usr/local/vitasdk/bin/../lib/gcc/arm-vita-eabi/10.3.0/../../../../arm-vita-eabi/lib/:/usr/local/vitasdk/bin/../arm-vita-eabi/lib/
COLLECT_GCC_OPTIONS='-v' '-o' 'CMakeFiles/cmTC_9d37d.dir/CMakeCXXCompilerABI.cpp.obj' '-c'  '-mtune=cortex-a9' '-mfloat-abi=softfp' '-mfpu=neon' '-mthumb' '-march=armv7-a+simd'
[2/2] Linking CXX executable cmTC_9d37d
Using built-in specs.
COLLECT_GCC=/usr/local/vitasdk/bin/arm-vita-eabi-g++
COLLECT_LTO_WRAPPER=/usr/local/vitasdk/bin/../lib/gcc/arm-vita-eabi/10.3.0/lto-wrapper
Target: arm-vita-eabi
Configured with: /Users/runner/work/buildscripts/buildscripts/build/gcc-final-prefix/src/gcc-final/configure --build=x86_64-apple-darwin --host=x86_64-apple-darwin --target=arm-vita-eabi --prefix=/Users/runner/work/buildscripts/buildscripts/build/vitasdk --libdir=/Users/runner/work/buildscripts/buildscripts/build/vitasdk/lib --libexecdir=/Users/runner/work/buildscripts/buildscripts/build/vitasdk/lib --with-sysroot=/Users/runner/work/buildscripts/buildscripts/build/vitasdk/arm-vita-eabi --with-gmp=/Users/runner/work/buildscripts/buildscripts/build/deps_build --with-mpfr=/Users/runner/work/buildscripts/buildscripts/build/deps_build --with-mpc=/Users/runner/work/buildscripts/buildscripts/build/deps_build --with-isl=/Users/runner/work/buildscripts/buildscripts/build/deps_build --with-libelf=/Users/runner/work/buildscripts/buildscripts/build/deps_build --with-python-dir=share/gcc-arm-vita-eabi --enable-languages=c,c++ --disable-decimal-float --disable-libffi --disable-libmudflap --disable-libquadmath --disable-libssp --disable-libstdcxx-pch --disable-nls --disable-shared --disable-tls --with-gnu-as --with-gnu-ld --with-newlib --disable-multilib --with-arch=armv7-a --with-tune=cortex-a9 --with-fpu=neon --with-float=softfp --with-mode=thumb --with-pkgversion='GNU Tools for ARM Embedded Processors' --with-headers=yes --enable-threads=posix --enable-libgomp CFLAGS=' -fbracket-depth=512' CXXFLAGS=' -fbracket-depth=512'
Thread model: posix
Supported LTO compression algorithms: zlib zstd
gcc version 10.3.0 (GNU Tools for ARM Embedded Processors) 
COMPILER_PATH=/usr/local/vitasdk/bin/../lib/gcc/arm-vita-eabi/10.3.0/:/usr/local/vitasdk/bin/../lib/gcc/:/usr/local/vitasdk/bin/../lib/gcc/arm-vita-eabi/10.3.0/../../../../arm-vita-eabi/bin/
LIBRARY_PATH=/usr/local/vitasdk/bin/../lib/gcc/arm-vita-eabi/10.3.0/:/usr/local/vitasdk/bin/../lib/gcc/:/usr/local/vitasdk/bin/../lib/gcc/arm-vita-eabi/10.3.0/../../../../arm-vita-eabi/lib/:/usr/local/vitasdk/bin/../arm-vita-eabi/lib/
COLLECT_GCC_OPTIONS='-v' '-o' 'cmTC_9d37d'  '-mtune=cortex-a9' '-mfloat-abi=softfp' '-mfpu=neon' '-mthumb' '-march=armv7-a+simd'
 /usr/local/vitasdk/bin/../lib/gcc/arm-vita-eabi/10.3.0/collect2 -plugin /usr/local/vitasdk/bin/../lib/gcc/arm-vita-eabi/10.3.0/liblto_plugin.so -plugin-opt=/usr/local/vitasdk/bin/../lib/gcc/arm-vita-eabi/10.3.0/lto-wrapper -plugin-opt=-fresolution=/var/folders/0t/fxf_1lr92dsb4y1lj6thnr0w0000gn/T//ccpsDE89.res -plugin-opt=-pass-through=-lgcc -plugin-opt=-pass-through=-lc -plugin-opt=-pass-through=-lSceRtc_stub -plugin-opt=-pass-through=-lSceSysmem_stub -plugin-opt=-pass-through=-lSceKernelThreadMgr_stub -plugin-opt=-pass-through=-lSceKernelModulemgr_stub -plugin-opt=-pass-through=-lSceIofilemgr_stub -plugin-opt=-pass-through=-lSceProcessmgr_stub -plugin-opt=-pass-through=-lSceLibKernel_stub -plugin-opt=-pass-through=-lSceNet_stub --sysroot=/usr/local/vitasdk/bin/../arm-vita-eabi -X -o cmTC_9d37d /usr/local/vitasdk/bin/../lib/gcc/arm-vita-eabi/10.3.0/crti.o /usr/local/vitasdk/bin/../lib/gcc/arm-vita-eabi/10.3.0/crtbegin.o /usr/local/vitasdk/bin/../lib/gcc/arm-vita-eabi/10.3.0/../../../../arm-vita-eabi/lib/crt0.o -L/usr/local/vitasdk/bin/../lib/gcc/arm-vita-eabi/10.3.0 -L/usr/local/vitasdk/bin/../lib/gcc -L/usr/local/vitasdk/bin/../lib/gcc/arm-vita-eabi/10.3.0/../../../../arm-vita-eabi/lib -L/usr/local/vitasdk/bin/../arm-vita-eabi/lib -q -z nocopyreloc CMakeFiles/cmTC_9d37d.dir/CMakeCXXCompilerABI.cpp.obj -lstdc++ -lm --start-group -lgcc -lc -lSceRtc_stub -lSceSysmem_stub -lSceKernelThreadMgr_stub -lSceKernelModulemgr_stub -lSceIofilemgr_stub -lSceProcessmgr_stub -lSceLibKernel_stub -lSceNet_stub --end-group /usr/local/vitasdk/bin/../lib/gcc/arm-vita-eabi/10.3.0/crtend.o /usr/local/vitasdk/bin/../lib/gcc/arm-vita-eabi/10.3.0/crtn.o
COLLECT_GCC_OPTIONS='-v' '-o' 'cmTC_9d37d'  '-mtune=cortex-a9' '-mfloat-abi=softfp' '-mfpu=neon' '-mthumb' '-march=armv7-a+simd'



Parsed CXX implicit include dir info from above output: rv=done
  found start of include info
  found start of implicit include info
    add: [/usr/local/vitasdk/bin/../lib/gcc/arm-vita-eabi/10.3.0/../../../../arm-vita-eabi/include/c++/10.3.0]
    add: [/usr/local/vitasdk/bin/../lib/gcc/arm-vita-eabi/10.3.0/../../../../arm-vita-eabi/include/c++/10.3.0/arm-vita-eabi]
    add: [/usr/local/vitasdk/bin/../lib/gcc/arm-vita-eabi/10.3.0/../../../../arm-vita-eabi/include/c++/10.3.0/backward]
    add: [/usr/local/vitasdk/bin/../lib/gcc/arm-vita-eabi/10.3.0/include]
    add: [/usr/local/vitasdk/bin/../lib/gcc/arm-vita-eabi/10.3.0/include-fixed]
    add: [/usr/local/vitasdk/bin/../lib/gcc/arm-vita-eabi/10.3.0/../../../../arm-vita-eabi/include]
  end of search list found
  collapse include dir [/usr/local/vitasdk/bin/../lib/gcc/arm-vita-eabi/10.3.0/../../../../arm-vita-eabi/include/c++/10.3.0] ==> [/usr/local/vitasdk/arm-vita-eabi/include/c++/10.3.0]
  collapse include dir [/usr/local/vitasdk/bin/../lib/gcc/arm-vita-eabi/10.3.0/../../../../arm-vita-eabi/include/c++/10.3.0/arm-vita-eabi] ==> [/usr/local/vitasdk/arm-vita-eabi/include/c++/10.3.0/arm-vita-eabi]
  collapse include dir [/usr/local/vitasdk/bin/../lib/gcc/arm-vita-eabi/10.3.0/../../../../arm-vita-eabi/include/c++/10.3.0/backward] ==> [/usr/local/vitasdk/arm-vita-eabi/include/c++/10.3.0/backward]
  collapse include dir [/usr/local/vitasdk/bin/../lib/gcc/arm-vita-eabi/10.3.0/include] ==> [/usr/local/vitasdk/lib/gcc/arm-vita-eabi/10.3.0/include]
  collapse include dir [/usr/local/vitasdk/bin/../lib/gcc/arm-vita-eabi/10.3.0/include-fixed] ==> [/usr/local/vitasdk/lib/gcc/arm-vita-eabi/10.3.0/include-fixed]
  collapse include dir [/usr/local/vitasdk/bin/../lib/gcc/arm-vita-eabi/10.3.0/../../../../arm-vita-eabi/include] ==> [/usr/local/vitasdk/arm-vita-eabi/include]
  implicit include dirs: [/usr/local/vitasdk/arm-vita-eabi/include/c++/10.3.0;/usr/local/vitasdk/arm-vita-eabi/include/c++/10.3.0/arm-vita-eabi;/usr/local/vitasdk/arm-vita-eabi/include/c++/10.3.0/backward;/usr/local/vitasdk/lib/gcc/arm-vita-eabi/10.3.0/include;/usr/local/vitasdk/lib/gcc/arm-vita-eabi/10.3.0/include-fixed;/usr/local/vitasdk/arm-vita-eabi/include]


Parsed CXX implicit link information from above output:
  link line regex: [^( *|.*[/\])(arm-vita-eabi-ld|CMAKE_LINK_STARTFILE-NOTFOUND|([^/\]+-)?ld|collect2)[^/\]*( |$)]
  ignore line: [Change Dir: /Users/v/Repos/baba/goo_vita/cmake-build-debug-vitasdk/CMakeFiles/CMakeTmp]
  ignore line: []
  ignore line: [Run Build Command(s):/Applications/CLion.app/Contents/bin/ninja/mac/ninja cmTC_9d37d && [1/2] Building CXX object CMakeFiles/cmTC_9d37d.dir/CMakeCXXCompilerABI.cpp.obj]
  ignore line: [Using built-in specs.]
  ignore line: [COLLECT_GCC=/usr/local/vitasdk/bin/arm-vita-eabi-g++]
  ignore line: [Target: arm-vita-eabi]
  ignore line: [Configured with: /Users/runner/work/buildscripts/buildscripts/build/gcc-final-prefix/src/gcc-final/configure --build=x86_64-apple-darwin --host=x86_64-apple-darwin --target=arm-vita-eabi --prefix=/Users/runner/work/buildscripts/buildscripts/build/vitasdk --libdir=/Users/runner/work/buildscripts/buildscripts/build/vitasdk/lib --libexecdir=/Users/runner/work/buildscripts/buildscripts/build/vitasdk/lib --with-sysroot=/Users/runner/work/buildscripts/buildscripts/build/vitasdk/arm-vita-eabi --with-gmp=/Users/runner/work/buildscripts/buildscripts/build/deps_build --with-mpfr=/Users/runner/work/buildscripts/buildscripts/build/deps_build --with-mpc=/Users/runner/work/buildscripts/buildscripts/build/deps_build --with-isl=/Users/runner/work/buildscripts/buildscripts/build/deps_build --with-libelf=/Users/runner/work/buildscripts/buildscripts/build/deps_build --with-python-dir=share/gcc-arm-vita-eabi --enable-languages=c,c++ --disable-decimal-float --disable-libffi --disable-libmudflap --disable-libquadmath --disable-libssp --disable-libstdcxx-pch --disable-nls --disable-shared --disable-tls --with-gnu-as --with-gnu-ld --with-newlib --disable-multilib --with-arch=armv7-a --with-tune=cortex-a9 --with-fpu=neon --with-float=softfp --with-mode=thumb --with-pkgversion='GNU Tools for ARM Embedded Processors' --with-headers=yes --enable-threads=posix --enable-libgomp CFLAGS=' -fbracket-depth=512' CXXFLAGS=' -fbracket-depth=512']
  ignore line: [Thread model: posix]
  ignore line: [Supported LTO compression algorithms: zlib zstd]
  ignore line: [gcc version 10.3.0 (GNU Tools for ARM Embedded Processors) ]
  ignore line: [COLLECT_GCC_OPTIONS='-v' '-o' 'CMakeFiles/cmTC_9d37d.dir/CMakeCXXCompilerABI.cpp.obj' '-c'  '-mtune=cortex-a9' '-mfloat-abi=softfp' '-mfpu=neon' '-mthumb' '-march=armv7-a+simd']
  ignore line: [ /usr/local/vitasdk/bin/../lib/gcc/arm-vita-eabi/10.3.0/cc1plus -quiet -v -iprefix /usr/local/vitasdk/bin/../lib/gcc/arm-vita-eabi/10.3.0/ -isysroot /usr/local/vitasdk/bin/../arm-vita-eabi -D__USES_INITFINI__ /Applications/CLion.app/Contents/bin/cmake/mac/share/cmake-3.21/Modules/CMakeCXXCompilerABI.cpp -quiet -dumpbase CMakeCXXCompilerABI.cpp -mtune=cortex-a9 -mfloat-abi=softfp -mfpu=neon -mthumb -march=armv7-a+simd -auxbase-strip CMakeFiles/cmTC_9d37d.dir/CMakeCXXCompilerABI.cpp.obj -version -o /var/folders/0t/fxf_1lr92dsb4y1lj6thnr0w0000gn/T//ccYj6sUX.s]
  ignore line: [GNU C++14 (GNU Tools for ARM Embedded Processors) version 10.3.0 (arm-vita-eabi)]
  ignore line: [	compiled by GNU C version Apple LLVM 12.0.0 (clang-1200.0.32.29)  GMP version 6.1.2  MPFR version 4.0.2  MPC version 1.1.0  isl version isl-0.21-GMP]
  ignore line: []
  ignore line: [GGC heuristics: --param ggc-min-expand=100 --param ggc-min-heapsize=131072]
  ignore line: [ignoring duplicate directory "/usr/local/vitasdk/bin/../lib/gcc/../../lib/gcc/arm-vita-eabi/10.3.0/../../../../arm-vita-eabi/include/c++/10.3.0"]
  ignore line: [ignoring duplicate directory "/usr/local/vitasdk/bin/../lib/gcc/../../lib/gcc/arm-vita-eabi/10.3.0/../../../../arm-vita-eabi/include/c++/10.3.0/arm-vita-eabi"]
  ignore line: [ignoring duplicate directory "/usr/local/vitasdk/bin/../lib/gcc/../../lib/gcc/arm-vita-eabi/10.3.0/../../../../arm-vita-eabi/include/c++/10.3.0/backward"]
  ignore line: [ignoring duplicate directory "/usr/local/vitasdk/bin/../lib/gcc/../../lib/gcc/arm-vita-eabi/10.3.0/include"]
  ignore line: [ignoring nonexistent directory "/usr/local/vitasdk/bin/../arm-vita-eabi/usr/local/include"]
  ignore line: [ignoring duplicate directory "/usr/local/vitasdk/bin/../lib/gcc/../../lib/gcc/arm-vita-eabi/10.3.0/include-fixed"]
  ignore line: [ignoring duplicate directory "/usr/local/vitasdk/bin/../lib/gcc/../../lib/gcc/arm-vita-eabi/10.3.0/../../../../arm-vita-eabi/include"]
  ignore line: [ignoring nonexistent directory "/usr/local/vitasdk/bin/../arm-vita-eabi/usr/include"]
  ignore line: [#include "..." search starts here:]
  ignore line: [#include <...> search starts here:]
  ignore line: [ /usr/local/vitasdk/bin/../lib/gcc/arm-vita-eabi/10.3.0/../../../../arm-vita-eabi/include/c++/10.3.0]
  ignore line: [ /usr/local/vitasdk/bin/../lib/gcc/arm-vita-eabi/10.3.0/../../../../arm-vita-eabi/include/c++/10.3.0/arm-vita-eabi]
  ignore line: [ /usr/local/vitasdk/bin/../lib/gcc/arm-vita-eabi/10.3.0/../../../../arm-vita-eabi/include/c++/10.3.0/backward]
  ignore line: [ /usr/local/vitasdk/bin/../lib/gcc/arm-vita-eabi/10.3.0/include]
  ignore line: [ /usr/local/vitasdk/bin/../lib/gcc/arm-vita-eabi/10.3.0/include-fixed]
  ignore line: [ /usr/local/vitasdk/bin/../lib/gcc/arm-vita-eabi/10.3.0/../../../../arm-vita-eabi/include]
  ignore line: [End of search list.]
  ignore line: [GNU C++14 (GNU Tools for ARM Embedded Processors) version 10.3.0 (arm-vita-eabi)]
  ignore line: [	compiled by GNU C version Apple LLVM 12.0.0 (clang-1200.0.32.29)  GMP version 6.1.2  MPFR version 4.0.2  MPC version 1.1.0  isl version isl-0.21-GMP]
  ignore line: []
  ignore line: [GGC heuristics: --param ggc-min-expand=100 --param ggc-min-heapsize=131072]
  ignore line: [Compiler executable checksum: d96915a97cb9618003ebab7434bacc64]
  ignore line: [COLLECT_GCC_OPTIONS='-v' '-o' 'CMakeFiles/cmTC_9d37d.dir/CMakeCXXCompilerABI.cpp.obj' '-c'  '-mtune=cortex-a9' '-mfloat-abi=softfp' '-mfpu=neon' '-mthumb' '-march=armv7-a+simd']
  ignore line: [ /usr/local/vitasdk/bin/../lib/gcc/arm-vita-eabi/10.3.0/../../../../arm-vita-eabi/bin/as -v -march=armv7-a -mfloat-abi=softfp -mfpu=neon -meabi=5 -o CMakeFiles/cmTC_9d37d.dir/CMakeCXXCompilerABI.cpp.obj /var/folders/0t/fxf_1lr92dsb4y1lj6thnr0w0000gn/T//ccYj6sUX.s]
  ignore line: [GNU assembler version 2.34 (arm-vita-eabi) using BFD version (GNU Tools for ARM Embedded Processors) 2.34]
  ignore line: [COMPILER_PATH=/usr/local/vitasdk/bin/../lib/gcc/arm-vita-eabi/10.3.0/:/usr/local/vitasdk/bin/../lib/gcc/:/usr/local/vitasdk/bin/../lib/gcc/arm-vita-eabi/10.3.0/../../../../arm-vita-eabi/bin/]
  ignore line: [LIBRARY_PATH=/usr/local/vitasdk/bin/../lib/gcc/arm-vita-eabi/10.3.0/:/usr/local/vitasdk/bin/../lib/gcc/:/usr/local/vitasdk/bin/../lib/gcc/arm-vita-eabi/10.3.0/../../../../arm-vita-eabi/lib/:/usr/local/vitasdk/bin/../arm-vita-eabi/lib/]
  ignore line: [COLLECT_GCC_OPTIONS='-v' '-o' 'CMakeFiles/cmTC_9d37d.dir/CMakeCXXCompilerABI.cpp.obj' '-c'  '-mtune=cortex-a9' '-mfloat-abi=softfp' '-mfpu=neon' '-mthumb' '-march=armv7-a+simd']
  ignore line: [[2/2] Linking CXX executable cmTC_9d37d]
  ignore line: [Using built-in specs.]
  ignore line: [COLLECT_GCC=/usr/local/vitasdk/bin/arm-vita-eabi-g++]
  ignore line: [COLLECT_LTO_WRAPPER=/usr/local/vitasdk/bin/../lib/gcc/arm-vita-eabi/10.3.0/lto-wrapper]
  ignore line: [Target: arm-vita-eabi]
  ignore line: [Configured with: /Users/runner/work/buildscripts/buildscripts/build/gcc-final-prefix/src/gcc-final/configure --build=x86_64-apple-darwin --host=x86_64-apple-darwin --target=arm-vita-eabi --prefix=/Users/runner/work/buildscripts/buildscripts/build/vitasdk --libdir=/Users/runner/work/buildscripts/buildscripts/build/vitasdk/lib --libexecdir=/Users/runner/work/buildscripts/buildscripts/build/vitasdk/lib --with-sysroot=/Users/runner/work/buildscripts/buildscripts/build/vitasdk/arm-vita-eabi --with-gmp=/Users/runner/work/buildscripts/buildscripts/build/deps_build --with-mpfr=/Users/runner/work/buildscripts/buildscripts/build/deps_build --with-mpc=/Users/runner/work/buildscripts/buildscripts/build/deps_build --with-isl=/Users/runner/work/buildscripts/buildscripts/build/deps_build --with-libelf=/Users/runner/work/buildscripts/buildscripts/build/deps_build --with-python-dir=share/gcc-arm-vita-eabi --enable-languages=c,c++ --disable-decimal-float --disable-libffi --disable-libmudflap --disable-libquadmath --disable-libssp --disable-libstdcxx-pch --disable-nls --disable-shared --disable-tls --with-gnu-as --with-gnu-ld --with-newlib --disable-multilib --with-arch=armv7-a --with-tune=cortex-a9 --with-fpu=neon --with-float=softfp --with-mode=thumb --with-pkgversion='GNU Tools for ARM Embedded Processors' --with-headers=yes --enable-threads=posix --enable-libgomp CFLAGS=' -fbracket-depth=512' CXXFLAGS=' -fbracket-depth=512']
  ignore line: [Thread model: posix]
  ignore line: [Supported LTO compression algorithms: zlib zstd]
  ignore line: [gcc version 10.3.0 (GNU Tools for ARM Embedded Processors) ]
  ignore line: [COMPILER_PATH=/usr/local/vitasdk/bin/../lib/gcc/arm-vita-eabi/10.3.0/:/usr/local/vitasdk/bin/../lib/gcc/:/usr/local/vitasdk/bin/../lib/gcc/arm-vita-eabi/10.3.0/../../../../arm-vita-eabi/bin/]
  ignore line: [LIBRARY_PATH=/usr/local/vitasdk/bin/../lib/gcc/arm-vita-eabi/10.3.0/:/usr/local/vitasdk/bin/../lib/gcc/:/usr/local/vitasdk/bin/../lib/gcc/arm-vita-eabi/10.3.0/../../../../arm-vita-eabi/lib/:/usr/local/vitasdk/bin/../arm-vita-eabi/lib/]
  ignore line: [COLLECT_GCC_OPTIONS='-v' '-o' 'cmTC_9d37d'  '-mtune=cortex-a9' '-mfloat-abi=softfp' '-mfpu=neon' '-mthumb' '-march=armv7-a+simd']
  link line: [ /usr/local/vitasdk/bin/../lib/gcc/arm-vita-eabi/10.3.0/collect2 -plugin /usr/local/vitasdk/bin/../lib/gcc/arm-vita-eabi/10.3.0/liblto_plugin.so -plugin-opt=/usr/local/vitasdk/bin/../lib/gcc/arm-vita-eabi/10.3.0/lto-wrapper -plugin-opt=-fresolution=/var/folders/0t/fxf_1lr92dsb4y1lj6thnr0w0000gn/T//ccpsDE89.res -plugin-opt=-pass-through=-lgcc -plugin-opt=-pass-through=-lc -plugin-opt=-pass-through=-lSceRtc_stub -plugin-opt=-pass-through=-lSceSysmem_stub -plugin-opt=-pass-through=-lSceKernelThreadMgr_stub -plugin-opt=-pass-through=-lSceKernelModulemgr_stub -plugin-opt=-pass-through=-lSceIofilemgr_stub -plugin-opt=-pass-through=-lSceProcessmgr_stub -plugin-opt=-pass-through=-lSceLibKernel_stub -plugin-opt=-pass-through=-lSceNet_stub --sysroot=/usr/local/vitasdk/bin/../arm-vita-eabi -X -o cmTC_9d37d /usr/local/vitasdk/bin/../lib/gcc/arm-vita-eabi/10.3.0/crti.o /usr/local/vitasdk/bin/../lib/gcc/arm-vita-eabi/10.3.0/crtbegin.o /usr/local/vitasdk/bin/../lib/gcc/arm-vita-eabi/10.3.0/../../../../arm-vita-eabi/lib/crt0.o -L/usr/local/vitasdk/bin/../lib/gcc/arm-vita-eabi/10.3.0 -L/usr/local/vitasdk/bin/../lib/gcc -L/usr/local/vitasdk/bin/../lib/gcc/arm-vita-eabi/10.3.0/../../../../arm-vita-eabi/lib -L/usr/local/vitasdk/bin/../arm-vita-eabi/lib -q -z nocopyreloc CMakeFiles/cmTC_9d37d.dir/CMakeCXXCompilerABI.cpp.obj -lstdc++ -lm --start-group -lgcc -lc -lSceRtc_stub -lSceSysmem_stub -lSceKernelThreadMgr_stub -lSceKernelModulemgr_stub -lSceIofilemgr_stub -lSceProcessmgr_stub -lSceLibKernel_stub -lSceNet_stub --end-group /usr/local/vitasdk/bin/../lib/gcc/arm-vita-eabi/10.3.0/crtend.o /usr/local/vitasdk/bin/../lib/gcc/arm-vita-eabi/10.3.0/crtn.o]
    arg [/usr/local/vitasdk/bin/../lib/gcc/arm-vita-eabi/10.3.0/collect2] ==> ignore
    arg [-plugin] ==> ignore
    arg [/usr/local/vitasdk/bin/../lib/gcc/arm-vita-eabi/10.3.0/liblto_plugin.so] ==> ignore
    arg [-plugin-opt=/usr/local/vitasdk/bin/../lib/gcc/arm-vita-eabi/10.3.0/lto-wrapper] ==> ignore
    arg [-plugin-opt=-fresolution=/var/folders/0t/fxf_1lr92dsb4y1lj6thnr0w0000gn/T//ccpsDE89.res] ==> ignore
    arg [-plugin-opt=-pass-through=-lgcc] ==> ignore
    arg [-plugin-opt=-pass-through=-lc] ==> ignore
    arg [-plugin-opt=-pass-through=-lSceRtc_stub] ==> ignore
    arg [-plugin-opt=-pass-through=-lSceSysmem_stub] ==> ignore
    arg [-plugin-opt=-pass-through=-lSceKernelThreadMgr_stub] ==> ignore
    arg [-plugin-opt=-pass-through=-lSceKernelModulemgr_stub] ==> ignore
    arg [-plugin-opt=-pass-through=-lSceIofilemgr_stub] ==> ignore
    arg [-plugin-opt=-pass-through=-lSceProcessmgr_stub] ==> ignore
    arg [-plugin-opt=-pass-through=-lSceLibKernel_stub] ==> ignore
    arg [-plugin-opt=-pass-through=-lSceNet_stub] ==> ignore
    arg [--sysroot=/usr/local/vitasdk/bin/../arm-vita-eabi] ==> ignore
    arg [-X] ==> ignore
    arg [-o] ==> ignore
    arg [cmTC_9d37d] ==> ignore
    arg [/usr/local/vitasdk/bin/../lib/gcc/arm-vita-eabi/10.3.0/crti.o] ==> obj [/usr/local/vitasdk/bin/../lib/gcc/arm-vita-eabi/10.3.0/crti.o]
    arg [/usr/local/vitasdk/bin/../lib/gcc/arm-vita-eabi/10.3.0/crtbegin.o] ==> obj [/usr/local/vitasdk/bin/../lib/gcc/arm-vita-eabi/10.3.0/crtbegin.o]
    arg [/usr/local/vitasdk/bin/../lib/gcc/arm-vita-eabi/10.3.0/../../../../arm-vita-eabi/lib/crt0.o] ==> obj [/usr/local/vitasdk/bin/../lib/gcc/arm-vita-eabi/10.3.0/../../../../arm-vita-eabi/lib/crt0.o]
    arg [-L/usr/local/vitasdk/bin/../lib/gcc/arm-vita-eabi/10.3.0] ==> dir [/usr/local/vitasdk/bin/../lib/gcc/arm-vita-eabi/10.3.0]
    arg [-L/usr/local/vitasdk/bin/../lib/gcc] ==> dir [/usr/local/vitasdk/bin/../lib/gcc]
    arg [-L/usr/local/vitasdk/bin/../lib/gcc/arm-vita-eabi/10.3.0/../../../../arm-vita-eabi/lib] ==> dir [/usr/local/vitasdk/bin/../lib/gcc/arm-vita-eabi/10.3.0/../../../../arm-vita-eabi/lib]
    arg [-L/usr/local/vitasdk/bin/../arm-vita-eabi/lib] ==> dir [/usr/local/vitasdk/bin/../arm-vita-eabi/lib]
    arg [-q] ==> ignore
    arg [-znocopyreloc] ==> ignore
    arg [CMakeFiles/cmTC_9d37d.dir/CMakeCXXCompilerABI.cpp.obj] ==> ignore
    arg [-lstdc++] ==> lib [stdc++]
    arg [-lm] ==> lib [m]
    arg [--start-group] ==> ignore
    arg [-lgcc] ==> lib [gcc]
    arg [-lc] ==> lib [c]
    arg [-lSceRtc_stub] ==> lib [SceRtc_stub]
    arg [-lSceSysmem_stub] ==> lib [SceSysmem_stub]
    arg [-lSceKernelThreadMgr_stub] ==> lib [SceKernelThreadMgr_stub]
    arg [-lSceKernelModulemgr_stub] ==> lib [SceKernelModulemgr_stub]
    arg [-lSceIofilemgr_stub] ==> lib [SceIofilemgr_stub]
    arg [-lSceProcessmgr_stub] ==> lib [SceProcessmgr_stub]
    arg [-lSceLibKernel_stub] ==> lib [SceLibKernel_stub]
    arg [-lSceNet_stub] ==> lib [SceNet_stub]
    arg [--end-group] ==> ignore
    arg [/usr/local/vitasdk/bin/../lib/gcc/arm-vita-eabi/10.3.0/crtend.o] ==> obj [/usr/local/vitasdk/bin/../lib/gcc/arm-vita-eabi/10.3.0/crtend.o]
    arg [/usr/local/vitasdk/bin/../lib/gcc/arm-vita-eabi/10.3.0/crtn.o] ==> obj [/usr/local/vitasdk/bin/../lib/gcc/arm-vita-eabi/10.3.0/crtn.o]
  collapse obj [/usr/local/vitasdk/bin/../lib/gcc/arm-vita-eabi/10.3.0/crti.o] ==> [/usr/local/vitasdk/lib/gcc/arm-vita-eabi/10.3.0/crti.o]
  collapse obj [/usr/local/vitasdk/bin/../lib/gcc/arm-vita-eabi/10.3.0/crtbegin.o] ==> [/usr/local/vitasdk/lib/gcc/arm-vita-eabi/10.3.0/crtbegin.o]
  collapse obj [/usr/local/vitasdk/bin/../lib/gcc/arm-vita-eabi/10.3.0/../../../../arm-vita-eabi/lib/crt0.o] ==> [/usr/local/vitasdk/arm-vita-eabi/lib/crt0.o]
  collapse obj [/usr/local/vitasdk/bin/../lib/gcc/arm-vita-eabi/10.3.0/crtend.o] ==> [/usr/local/vitasdk/lib/gcc/arm-vita-eabi/10.3.0/crtend.o]
  collapse obj [/usr/local/vitasdk/bin/../lib/gcc/arm-vita-eabi/10.3.0/crtn.o] ==> [/usr/local/vitasdk/lib/gcc/arm-vita-eabi/10.3.0/crtn.o]
  collapse library dir [/usr/local/vitasdk/bin/../lib/gcc/arm-vita-eabi/10.3.0] ==> [/usr/local/vitasdk/lib/gcc/arm-vita-eabi/10.3.0]
  collapse library dir [/usr/local/vitasdk/bin/../lib/gcc] ==> [/usr/local/vitasdk/lib/gcc]
  collapse library dir [/usr/local/vitasdk/bin/../lib/gcc/arm-vita-eabi/10.3.0/../../../../arm-vita-eabi/lib] ==> [/usr/local/vitasdk/arm-vita-eabi/lib]
  collapse library dir [/usr/local/vitasdk/bin/../arm-vita-eabi/lib] ==> [/usr/local/vitasdk/arm-vita-eabi/lib]
  implicit libs: [stdc++;m;gcc;c;SceRtc_stub;SceSysmem_stub;SceKernelThreadMgr_stub;SceKernelModulemgr_stub;SceIofilemgr_stub;SceProcessmgr_stub;SceLibKernel_stub;SceNet_stub]
  implicit objs: [/usr/local/vitasdk/lib/gcc/arm-vita-eabi/10.3.0/crti.o;/usr/local/vitasdk/lib/gcc/arm-vita-eabi/10.3.0/crtbegin.o;/usr/local/vitasdk/arm-vita-eabi/lib/crt0.o;/usr/local/vitasdk/lib/gcc/arm-vita-eabi/10.3.0/crtend.o;/usr/local/vitasdk/lib/gcc/arm-vita-eabi/10.3.0/crtn.o]
  implicit dirs: [/usr/local/vitasdk/lib/gcc/arm-vita-eabi/10.3.0;/usr/local/vitasdk/lib/gcc;/usr/local/vitasdk/arm-vita-eabi/lib]
  implicit fwks: []


